This is pdfTeX, Version 3.14159265-2.6-1.40.17 (MiKTeX 2.9.6210 64-bit) (preloaded format=pdflatex 2017.2.11)  26 MAR 2020 21:44
entering extended mode
**./Lecture---Time-Series.tex
(Lecture---Time-Series.tex
LaTeX2e <2017/01/01> patch level 1
Babel <3.9r> and hyphenation patterns for 75 language(s) loaded.
(C:\Users\msassrb2\AppData\Roaming\MiKTeX\2.9\tex\latex\beamer\beamer.cls
Document Class: beamer 2017/01/23 v3.41 A class for typesetting presentations
(C:\Users\msassrb2\AppData\Roaming\MiKTeX\2.9\tex\latex\etoolbox\etoolbox.sty
Package: etoolbox 2017/01/02 v2.4 e-TeX tools for LaTeX (JAW)
\etb@tempcnta=\count79
)
(C:\Users\msassrb2\AppData\Roaming\MiKTeX\2.9\tex\latex\beamer\beamerbasemodes.
sty
\beamer@tempbox=\box26
\beamer@tempcount=\count80
\c@beamerpauses=\count81

(C:\Users\msassrb2\AppData\Roaming\MiKTeX\2.9\tex\latex\beamer\beamerbasedecode
.sty
\beamer@slideinframe=\count82
\beamer@minimum=\count83
)
\beamer@commentbox=\box27
\beamer@modecount=\count84
) ("C:\Program Files\MiKTeX 2.9\tex\generic\oberdiek\ifpdf.sty"
Package: ifpdf 2016/05/14 v3.1 Provides the ifpdf switch
)
\headheight=\dimen102
\headdp=\dimen103
\footheight=\dimen104
\sidebarheight=\dimen105
\beamer@tempdim=\dimen106
\beamer@finalheight=\dimen107
\beamer@animht=\dimen108
\beamer@animdp=\dimen109
\beamer@animwd=\dimen110
\beamer@leftmargin=\dimen111
\beamer@rightmargin=\dimen112
\beamer@leftsidebar=\dimen113
\beamer@rightsidebar=\dimen114
\beamer@boxsize=\dimen115
\beamer@vboxoffset=\dimen116
\beamer@descdefault=\dimen117
\beamer@descriptionwidth=\dimen118
\beamer@lastskip=\skip41
\beamer@areabox=\box28
\beamer@animcurrent=\box29
\beamer@animshowbox=\box30
\beamer@sectionbox=\box31
\beamer@logobox=\box32
\beamer@linebox=\box33
\beamer@sectioncount=\count85
\beamer@subsubsectionmax=\count86
\beamer@subsectionmax=\count87
\beamer@sectionmax=\count88
\beamer@totalheads=\count89
\beamer@headcounter=\count90
\beamer@partstartpage=\count91
\beamer@sectionstartpage=\count92
\beamer@subsectionstartpage=\count93
\beamer@animationtempa=\count94
\beamer@animationtempb=\count95
\beamer@xpos=\count96
\beamer@ypos=\count97
\beamer@showpartnumber=\count98
\beamer@currentsubsection=\count99
\beamer@coveringdepth=\count100
\beamer@sectionadjust=\count101
\beamer@tocsectionnumber=\count102

(C:\Users\msassrb2\AppData\Roaming\MiKTeX\2.9\tex\latex\beamer\beamerbaseoption
s.sty ("C:\Program Files\MiKTeX 2.9\tex\latex\graphics\keyval.sty"
Package: keyval 2014/10/28 v1.15 key=value parser (DPC)
\KV@toks@=\toks14
))
\beamer@paperwidth=\skip42
\beamer@paperheight=\skip43
("C:\Program Files\MiKTeX 2.9\tex\latex\geometry\geometry.sty"
Package: geometry 2010/09/12 v5.6 Page Geometry
("C:\Program Files\MiKTeX 2.9\tex\generic\oberdiek\ifvtex.sty"
Package: ifvtex 2016/05/16 v1.6 Detect VTeX and its facilities (HO)
Package ifvtex Info: VTeX not detected.
) ("C:\Program Files\MiKTeX 2.9\tex\generic\ifxetex\ifxetex.sty"
Package: ifxetex 2010/09/12 v0.6 Provides ifxetex conditional
)
\Gm@cnth=\count103
\Gm@cntv=\count104
\c@Gm@tempcnt=\count105
\Gm@bindingoffset=\dimen119
\Gm@wd@mp=\dimen120
\Gm@odd@mp=\dimen121
\Gm@even@mp=\dimen122
\Gm@layoutwidth=\dimen123
\Gm@layoutheight=\dimen124
\Gm@layouthoffset=\dimen125
\Gm@layoutvoffset=\dimen126
\Gm@dimlist=\toks15
("C:\Program Files\MiKTeX 2.9\tex\latex\geometry\geometry.cfg")) ("C:\Program F
iles\MiKTeX 2.9\tex\latex\base\size11.clo"
File: size11.clo 2014/09/29 v1.4h Standard LaTeX file (size option)
)
(C:\Users\msassrb2\AppData\Roaming\MiKTeX\2.9\tex\latex\pgf\basiclayer\pgfcore.
sty ("C:\Program Files\MiKTeX 2.9\tex\latex\graphics\graphicx.sty"
Package: graphicx 2014/10/28 v1.0g Enhanced LaTeX Graphics (DPC,SPQR)
("C:\Program Files\MiKTeX 2.9\tex\latex\graphics\graphics.sty"
Package: graphics 2016/10/09 v1.0u Standard LaTeX Graphics (DPC,SPQR)
("C:\Program Files\MiKTeX 2.9\tex\latex\graphics\trig.sty"
Package: trig 2016/01/03 v1.10 sin cos tan (DPC)
) ("C:\Program Files\MiKTeX 2.9\tex\latex\graphics-cfg\graphics.cfg"
File: graphics.cfg 2016/06/04 v1.11 sample graphics configuration
)
Package graphics Info: Driver file: pdftex.def on input line 99.
("C:\Program Files\MiKTeX 2.9\tex\latex\graphics-def\pdftex.def"
File: pdftex.def 2017/01/12 v0.06k Graphics/color for pdfTeX
("C:\Program Files\MiKTeX 2.9\tex\generic\oberdiek\infwarerr.sty"
Package: infwarerr 2016/05/16 v1.4 Providing info/warning/error messages (HO)
) ("C:\Program Files\MiKTeX 2.9\tex\generic\oberdiek\ltxcmds.sty"
Package: ltxcmds 2016/05/16 v1.23 LaTeX kernel commands for general use (HO)
)
\Gread@gobject=\count106
))
\Gin@req@height=\dimen127
\Gin@req@width=\dimen128
)
(C:\Users\msassrb2\AppData\Roaming\MiKTeX\2.9\tex\latex\pgf\systemlayer\pgfsys.
sty
(C:\Users\msassrb2\AppData\Roaming\MiKTeX\2.9\tex\latex\pgf\utilities\pgfrcs.st
y
(C:\Users\msassrb2\AppData\Roaming\MiKTeX\2.9\tex\generic\pgf\utilities\pgfutil
-common.tex
\pgfutil@everybye=\toks16
\pgfutil@tempdima=\dimen129
\pgfutil@tempdimb=\dimen130

(C:\Users\msassrb2\AppData\Roaming\MiKTeX\2.9\tex\generic\pgf\utilities\pgfutil
-common-lists.tex))
(C:\Users\msassrb2\AppData\Roaming\MiKTeX\2.9\tex\generic\pgf\utilities\pgfutil
-latex.def
\pgfutil@abb=\box34
(C:\Users\msassrb2\AppData\Roaming\MiKTeX\2.9\tex\latex\ms\everyshi.sty
Package: everyshi 2001/05/15 v3.00 EveryShipout Package (MS)
))
(C:\Users\msassrb2\AppData\Roaming\MiKTeX\2.9\tex\generic\pgf\utilities\pgfrcs.
code.tex
Package: pgfrcs 2015/08/07 v3.0.1a (rcs-revision 1.31)
))
(C:\Users\msassrb2\AppData\Roaming\MiKTeX\2.9\tex\generic\pgf\systemlayer\pgfsy
s.code.tex
Package: pgfsys 2014/07/09 v3.0.1a (rcs-revision 1.48)

(C:\Users\msassrb2\AppData\Roaming\MiKTeX\2.9\tex\generic\pgf\utilities\pgfkeys
.code.tex
\pgfkeys@pathtoks=\toks17
\pgfkeys@temptoks=\toks18

(C:\Users\msassrb2\AppData\Roaming\MiKTeX\2.9\tex\generic\pgf\utilities\pgfkeys
filtered.code.tex
\pgfkeys@tmptoks=\toks19
))
\pgf@x=\dimen131
\pgf@y=\dimen132
\pgf@xa=\dimen133
\pgf@ya=\dimen134
\pgf@xb=\dimen135
\pgf@yb=\dimen136
\pgf@xc=\dimen137
\pgf@yc=\dimen138
\w@pgf@writea=\write3
\r@pgf@reada=\read1
\c@pgf@counta=\count107
\c@pgf@countb=\count108
\c@pgf@countc=\count109
\c@pgf@countd=\count110
\t@pgf@toka=\toks20
\t@pgf@tokb=\toks21
\t@pgf@tokc=\toks22

(C:\Users\msassrb2\AppData\Roaming\MiKTeX\2.9\tex\generic\pgf\systemlayer\pgf.c
fg
File: pgf.cfg 2008/05/14  (rcs-revision 1.7)
)
Driver file for pgf: pgfsys-pdftex.def

(C:\Users\msassrb2\AppData\Roaming\MiKTeX\2.9\tex\generic\pgf\systemlayer\pgfsy
s-pdftex.def
File: pgfsys-pdftex.def 2014/10/11  (rcs-revision 1.35)

(C:\Users\msassrb2\AppData\Roaming\MiKTeX\2.9\tex\generic\pgf\systemlayer\pgfsy
s-common-pdf.def
File: pgfsys-common-pdf.def 2013/10/10  (rcs-revision 1.13)
)))
(C:\Users\msassrb2\AppData\Roaming\MiKTeX\2.9\tex\generic\pgf\systemlayer\pgfsy
ssoftpath.code.tex
File: pgfsyssoftpath.code.tex 2013/09/09  (rcs-revision 1.9)
\pgfsyssoftpath@smallbuffer@items=\count111
\pgfsyssoftpath@bigbuffer@items=\count112
)
(C:\Users\msassrb2\AppData\Roaming\MiKTeX\2.9\tex\generic\pgf\systemlayer\pgfsy
sprotocol.code.tex
File: pgfsysprotocol.code.tex 2006/10/16  (rcs-revision 1.4)
)) (C:\Users\msassrb2\AppData\Roaming\MiKTeX\2.9\tex\latex\xcolor\xcolor.sty
Package: xcolor 2016/05/11 v2.12 LaTeX color extensions (UK)
("C:\Program Files\MiKTeX 2.9\tex\latex\graphics-cfg\color.cfg"
File: color.cfg 2016/01/02 v1.6 sample color configuration
)
Package xcolor Info: Driver file: pdftex.def on input line 225.
Package xcolor Info: Model `cmy' substituted by `cmy0' on input line 1348.
Package xcolor Info: Model `hsb' substituted by `rgb' on input line 1352.
Package xcolor Info: Model `RGB' extended on input line 1364.
Package xcolor Info: Model `HTML' substituted by `rgb' on input line 1366.
Package xcolor Info: Model `Hsb' substituted by `hsb' on input line 1367.
Package xcolor Info: Model `tHsb' substituted by `hsb' on input line 1368.
Package xcolor Info: Model `HSB' substituted by `hsb' on input line 1369.
Package xcolor Info: Model `Gray' substituted by `gray' on input line 1370.
Package xcolor Info: Model `wave' substituted by `hsb' on input line 1371.
)
(C:\Users\msassrb2\AppData\Roaming\MiKTeX\2.9\tex\generic\pgf\basiclayer\pgfcor
e.code.tex
Package: pgfcore 2010/04/11 v3.0.1a (rcs-revision 1.7)

(C:\Users\msassrb2\AppData\Roaming\MiKTeX\2.9\tex\generic\pgf\math\pgfmath.code
.tex
(C:\Users\msassrb2\AppData\Roaming\MiKTeX\2.9\tex\generic\pgf\math\pgfmathcalc.
code.tex
(C:\Users\msassrb2\AppData\Roaming\MiKTeX\2.9\tex\generic\pgf\math\pgfmathutil.
code.tex)
(C:\Users\msassrb2\AppData\Roaming\MiKTeX\2.9\tex\generic\pgf\math\pgfmathparse
r.code.tex
\pgfmath@dimen=\dimen139
\pgfmath@count=\count113
\pgfmath@box=\box35
\pgfmath@toks=\toks23
\pgfmath@stack@operand=\toks24
\pgfmath@stack@operation=\toks25
)
(C:\Users\msassrb2\AppData\Roaming\MiKTeX\2.9\tex\generic\pgf\math\pgfmathfunct
ions.code.tex
(C:\Users\msassrb2\AppData\Roaming\MiKTeX\2.9\tex\generic\pgf\math\pgfmathfunct
ions.basic.code.tex)
(C:\Users\msassrb2\AppData\Roaming\MiKTeX\2.9\tex\generic\pgf\math\pgfmathfunct
ions.trigonometric.code.tex)
(C:\Users\msassrb2\AppData\Roaming\MiKTeX\2.9\tex\generic\pgf\math\pgfmathfunct
ions.random.code.tex)
(C:\Users\msassrb2\AppData\Roaming\MiKTeX\2.9\tex\generic\pgf\math\pgfmathfunct
ions.comparison.code.tex)
(C:\Users\msassrb2\AppData\Roaming\MiKTeX\2.9\tex\generic\pgf\math\pgfmathfunct
ions.base.code.tex)
(C:\Users\msassrb2\AppData\Roaming\MiKTeX\2.9\tex\generic\pgf\math\pgfmathfunct
ions.round.code.tex)
(C:\Users\msassrb2\AppData\Roaming\MiKTeX\2.9\tex\generic\pgf\math\pgfmathfunct
ions.misc.code.tex)
(C:\Users\msassrb2\AppData\Roaming\MiKTeX\2.9\tex\generic\pgf\math\pgfmathfunct
ions.integerarithmetics.code.tex)))
(C:\Users\msassrb2\AppData\Roaming\MiKTeX\2.9\tex\generic\pgf\math\pgfmathfloat
.code.tex
\c@pgfmathroundto@lastzeros=\count114
))
(C:\Users\msassrb2\AppData\Roaming\MiKTeX\2.9\tex\generic\pgf\basiclayer\pgfcor
epoints.code.tex
File: pgfcorepoints.code.tex 2013/10/07  (rcs-revision 1.27)
\pgf@picminx=\dimen140
\pgf@picmaxx=\dimen141
\pgf@picminy=\dimen142
\pgf@picmaxy=\dimen143
\pgf@pathminx=\dimen144
\pgf@pathmaxx=\dimen145
\pgf@pathminy=\dimen146
\pgf@pathmaxy=\dimen147
\pgf@xx=\dimen148
\pgf@xy=\dimen149
\pgf@yx=\dimen150
\pgf@yy=\dimen151
\pgf@zx=\dimen152
\pgf@zy=\dimen153
)
(C:\Users\msassrb2\AppData\Roaming\MiKTeX\2.9\tex\generic\pgf\basiclayer\pgfcor
epathconstruct.code.tex
File: pgfcorepathconstruct.code.tex 2013/10/07  (rcs-revision 1.29)
\pgf@path@lastx=\dimen154
\pgf@path@lasty=\dimen155
)
(C:\Users\msassrb2\AppData\Roaming\MiKTeX\2.9\tex\generic\pgf\basiclayer\pgfcor
epathusage.code.tex
File: pgfcorepathusage.code.tex 2014/11/02  (rcs-revision 1.24)
\pgf@shorten@end@additional=\dimen156
\pgf@shorten@start@additional=\dimen157
)
(C:\Users\msassrb2\AppData\Roaming\MiKTeX\2.9\tex\generic\pgf\basiclayer\pgfcor
escopes.code.tex
File: pgfcorescopes.code.tex 2015/05/08  (rcs-revision 1.46)
\pgfpic=\box36
\pgf@hbox=\box37
\pgf@layerbox@main=\box38
\pgf@picture@serial@count=\count115
)
(C:\Users\msassrb2\AppData\Roaming\MiKTeX\2.9\tex\generic\pgf\basiclayer\pgfcor
egraphicstate.code.tex
File: pgfcoregraphicstate.code.tex 2014/11/02  (rcs-revision 1.12)
\pgflinewidth=\dimen158
)
(C:\Users\msassrb2\AppData\Roaming\MiKTeX\2.9\tex\generic\pgf\basiclayer\pgfcor
etransformations.code.tex
File: pgfcoretransformations.code.tex 2015/08/07  (rcs-revision 1.20)
\pgf@pt@x=\dimen159
\pgf@pt@y=\dimen160
\pgf@pt@temp=\dimen161
)
(C:\Users\msassrb2\AppData\Roaming\MiKTeX\2.9\tex\generic\pgf\basiclayer\pgfcor
equick.code.tex
File: pgfcorequick.code.tex 2008/10/09  (rcs-revision 1.3)
)
(C:\Users\msassrb2\AppData\Roaming\MiKTeX\2.9\tex\generic\pgf\basiclayer\pgfcor
eobjects.code.tex
File: pgfcoreobjects.code.tex 2006/10/11  (rcs-revision 1.2)
)
(C:\Users\msassrb2\AppData\Roaming\MiKTeX\2.9\tex\generic\pgf\basiclayer\pgfcor
epathprocessing.code.tex
File: pgfcorepathprocessing.code.tex 2013/09/09  (rcs-revision 1.9)
)
(C:\Users\msassrb2\AppData\Roaming\MiKTeX\2.9\tex\generic\pgf\basiclayer\pgfcor
earrows.code.tex
File: pgfcorearrows.code.tex 2015/05/14  (rcs-revision 1.43)
\pgfarrowsep=\dimen162
)
(C:\Users\msassrb2\AppData\Roaming\MiKTeX\2.9\tex\generic\pgf\basiclayer\pgfcor
eshade.code.tex
File: pgfcoreshade.code.tex 2013/07/15  (rcs-revision 1.15)
\pgf@max=\dimen163
\pgf@sys@shading@range@num=\count116
)
(C:\Users\msassrb2\AppData\Roaming\MiKTeX\2.9\tex\generic\pgf\basiclayer\pgfcor
eimage.code.tex
File: pgfcoreimage.code.tex 2013/07/15  (rcs-revision 1.18)

(C:\Users\msassrb2\AppData\Roaming\MiKTeX\2.9\tex\generic\pgf\basiclayer\pgfcor
eexternal.code.tex
File: pgfcoreexternal.code.tex 2014/07/09  (rcs-revision 1.21)
\pgfexternal@startupbox=\box39
))
(C:\Users\msassrb2\AppData\Roaming\MiKTeX\2.9\tex\generic\pgf\basiclayer\pgfcor
elayers.code.tex
File: pgfcorelayers.code.tex 2013/07/18  (rcs-revision 1.7)
)
(C:\Users\msassrb2\AppData\Roaming\MiKTeX\2.9\tex\generic\pgf\basiclayer\pgfcor
etransparency.code.tex
File: pgfcoretransparency.code.tex 2013/09/30  (rcs-revision 1.5)
)
(C:\Users\msassrb2\AppData\Roaming\MiKTeX\2.9\tex\generic\pgf\basiclayer\pgfcor
epatterns.code.tex
File: pgfcorepatterns.code.tex 2013/11/07  (rcs-revision 1.5)
)))
(C:\Users\msassrb2\AppData\Roaming\MiKTeX\2.9\tex\latex\pgf\utilities\xxcolor.s
ty
Package: xxcolor 2003/10/24 ver 0.1
\XC@nummixins=\count117
\XC@countmixins=\count118
) ("C:\Program Files\MiKTeX 2.9\tex\generic\oberdiek\atbegshi.sty"
Package: atbegshi 2016/06/09 v1.18 At begin shipout hook (HO)
) ("C:\Program Files\MiKTeX 2.9\tex\latex\hyperref\hyperref.sty"
Package: hyperref 2016/06/24 v6.83q Hypertext links for LaTeX
("C:\Program Files\MiKTeX 2.9\tex\generic\oberdiek\hobsub-hyperref.sty"
Package: hobsub-hyperref 2016/05/16 v1.14 Bundle oberdiek, subset hyperref (HO)

("C:\Program Files\MiKTeX 2.9\tex\generic\oberdiek\hobsub-generic.sty"
Package: hobsub-generic 2016/05/16 v1.14 Bundle oberdiek, subset generic (HO)
Package: hobsub 2016/05/16 v1.14 Construct package bundles (HO)
Package hobsub Info: Skipping package `infwarerr' (already loaded).
Package hobsub Info: Skipping package `ltxcmds' (already loaded).
Package: ifluatex 2016/05/16 v1.4 Provides the ifluatex switch (HO)
Package ifluatex Info: LuaTeX not detected.
Package hobsub Info: Skipping package `ifvtex' (already loaded).
Package: intcalc 2016/05/16 v1.2 Expandable calculations with integers (HO)
Package hobsub Info: Skipping package `ifpdf' (already loaded).
Package: etexcmds 2016/05/16 v1.6 Avoid name clashes with e-TeX commands (HO)
Package etexcmds Info: Could not find \expanded.
(etexcmds)             That can mean that you are not using pdfTeX 1.50 or
(etexcmds)             that some package has redefined \expanded.
(etexcmds)             In the latter case, load this package earlier.
Package: kvsetkeys 2016/05/16 v1.17 Key value parser (HO)
Package: kvdefinekeys 2016/05/16 v1.4 Define keys (HO)
Package: pdftexcmds 2016/05/21 v0.22 Utility functions of pdfTeX for LuaTeX (HO
)
Package pdftexcmds Info: LuaTeX not detected.
Package pdftexcmds Info: \pdf@primitive is available.
Package pdftexcmds Info: \pdf@ifprimitive is available.
Package pdftexcmds Info: \pdfdraftmode found.
Package: pdfescape 2016/05/16 v1.14 Implements pdfTeX's escape features (HO)
Package: bigintcalc 2016/05/16 v1.4 Expandable calculations on big integers (HO
)
Package: bitset 2016/05/16 v1.2 Handle bit-vector datatype (HO)
Package: uniquecounter 2016/05/16 v1.3 Provide unlimited unique counter (HO)
)
Package hobsub Info: Skipping package `hobsub' (already loaded).
Package: letltxmacro 2016/05/16 v1.5 Let assignment for LaTeX macros (HO)
Package: hopatch 2016/05/16 v1.3 Wrapper for package hooks (HO)
Package: xcolor-patch 2016/05/16 xcolor patch
Package: atveryend 2016/05/16 v1.9 Hooks at the very end of document (HO)
Package hobsub Info: Skipping package `atbegshi' (already loaded).
Package: refcount 2016/05/16 v3.5 Data extraction from label references (HO)
Package: hycolor 2016/05/16 v1.8 Color options for hyperref/bookmark (HO)
) ("C:\Program Files\MiKTeX 2.9\tex\latex\oberdiek\auxhook.sty"
Package: auxhook 2016/05/16 v1.4 Hooks for auxiliary files (HO)
) ("C:\Program Files\MiKTeX 2.9\tex\latex\oberdiek\kvoptions.sty"
Package: kvoptions 2016/05/16 v3.12 Key value format for package options (HO)
)
\@linkdim=\dimen164
\Hy@linkcounter=\count119
\Hy@pagecounter=\count120
("C:\Program Files\MiKTeX 2.9\tex\latex\hyperref\pd1enc.def"
File: pd1enc.def 2016/06/24 v6.83q Hyperref: PDFDocEncoding definition (HO)
)
\Hy@SavedSpaceFactor=\count121
("C:\Program Files\MiKTeX 2.9\tex\latex\00miktex\hyperref.cfg"
File: hyperref.cfg 2002/06/06 v1.2 hyperref configuration of TeXLive
)
Package hyperref Info: Option `bookmarks' set `true' on input line 4362.
Package hyperref Info: Option `bookmarksopen' set `true' on input line 4362.
Package hyperref Info: Option `implicit' set `false' on input line 4362.
Package hyperref Info: Hyper figures OFF on input line 4486.
Package hyperref Info: Link nesting OFF on input line 4491.
Package hyperref Info: Hyper index ON on input line 4494.
Package hyperref Info: Plain pages OFF on input line 4501.
Package hyperref Info: Backreferencing OFF on input line 4506.
Package hyperref Info: Implicit mode OFF; no redefinition of LaTeX internals.
Package hyperref Info: Bookmarks ON on input line 4735.
\c@Hy@tempcnt=\count122
(C:\Users\msassrb2\AppData\Roaming\MiKTeX\2.9\tex\latex\url\url.sty
\Urlmuskip=\muskip10
Package: url 2013/09/16  ver 3.4  Verb mode for urls, etc.
)
LaTeX Info: Redefining \url on input line 5088.
\XeTeXLinkMargin=\dimen165
\Fld@menulength=\count123
\Field@Width=\dimen166
\Fld@charsize=\dimen167
Package hyperref Info: Hyper figures OFF on input line 6342.
Package hyperref Info: Link nesting OFF on input line 6347.
Package hyperref Info: Hyper index ON on input line 6350.
Package hyperref Info: backreferencing OFF on input line 6357.
Package hyperref Info: Link coloring OFF on input line 6362.
Package hyperref Info: Link coloring with OCG OFF on input line 6367.
Package hyperref Info: PDF/A mode OFF on input line 6372.
LaTeX Info: Redefining \ref on input line 6412.
LaTeX Info: Redefining \pageref on input line 6416.
\Hy@abspage=\count124

Package hyperref Message: Stopped early.

)

Package hyperref Message: Driver (autodetected): hpdftex.

("C:\Program Files\MiKTeX 2.9\tex\latex\hyperref\hpdftex.def"
File: hpdftex.def 2016/06/24 v6.83q Hyperref driver for pdfTeX
\Fld@listcount=\count125
\c@bookmark@seq@number=\count126
("C:\Program Files\MiKTeX 2.9\tex\latex\oberdiek\rerunfilecheck.sty"
Package: rerunfilecheck 2016/05/16 v1.8 Rerun checks for auxiliary files (HO)
Package uniquecounter Info: New unique counter `rerunfilecheck' on input line 2
82.
))
(C:\Users\msassrb2\AppData\Roaming\MiKTeX\2.9\tex\latex\beamer\beamerbaserequir
es.sty
(C:\Users\msassrb2\AppData\Roaming\MiKTeX\2.9\tex\latex\beamer\beamerbasecompat
ibility.sty)
(C:\Users\msassrb2\AppData\Roaming\MiKTeX\2.9\tex\latex\beamer\beamerbasefont.s
ty ("C:\Program Files\MiKTeX 2.9\tex\latex\amsfonts\amssymb.sty"
Package: amssymb 2013/01/14 v3.01 AMS font symbols
("C:\Program Files\MiKTeX 2.9\tex\latex\amsfonts\amsfonts.sty"
Package: amsfonts 2013/01/14 v3.01 Basic AMSFonts support
\@emptytoks=\toks26
\symAMSa=\mathgroup4
\symAMSb=\mathgroup5
LaTeX Font Info:    Overwriting math alphabet `\mathfrak' in version `bold'
(Font)                  U/euf/m/n --> U/euf/b/n on input line 106.
))
(C:\Users\msassrb2\AppData\Roaming\MiKTeX\2.9\tex\latex\sansmathaccent\sansmath
accent.sty
Package: sansmathaccent 2013/03/28
(C:\Users\msassrb2\AppData\Roaming\MiKTeX\2.9\tex\latex\filehook\filehook.sty
Package: filehook 2011/10/12 v0.5d Hooks for input files
)))
(C:\Users\msassrb2\AppData\Roaming\MiKTeX\2.9\tex\latex\beamer\beamerbasetransl
ator.sty
(C:\Users\msassrb2\AppData\Roaming\MiKTeX\2.9\tex\latex\beamer\translator\trans
lator.sty
Package: translator 2010/06/12 ver 1.10

(C:\Users\msassrb2\AppData\Roaming\MiKTeX\2.9\tex\latex\beamer\translator\trans
lator-language-mappings.tex)))
(C:\Users\msassrb2\AppData\Roaming\MiKTeX\2.9\tex\latex\beamer\beamerbasemisc.s
ty)
(C:\Users\msassrb2\AppData\Roaming\MiKTeX\2.9\tex\latex\beamer\beamerbasetwoscr
eens.sty)
(C:\Users\msassrb2\AppData\Roaming\MiKTeX\2.9\tex\latex\beamer\beamerbaseoverla
y.sty
\beamer@argscount=\count127
\beamer@lastskipcover=\skip44
\beamer@trivlistdepth=\count128
)
(C:\Users\msassrb2\AppData\Roaming\MiKTeX\2.9\tex\latex\beamer\beamerbasetitle.
sty)
(C:\Users\msassrb2\AppData\Roaming\MiKTeX\2.9\tex\latex\beamer\beamerbasesectio
n.sty
\c@lecture=\count129
\c@part=\count130
\c@section=\count131
\c@subsection=\count132
\c@subsubsection=\count133
)
(C:\Users\msassrb2\AppData\Roaming\MiKTeX\2.9\tex\latex\beamer\beamerbaseframe.
sty
\beamer@framebox=\box40
\beamer@frametitlebox=\box41
\beamer@zoombox=\box42
\beamer@zoomcount=\count134
\beamer@zoomframecount=\count135
\beamer@frametextheight=\dimen168
\c@subsectionslide=\count136
\beamer@frametopskip=\skip45
\beamer@framebottomskip=\skip46
\beamer@frametopskipautobreak=\skip47
\beamer@framebottomskipautobreak=\skip48
\beamer@envbody=\toks27
\framewidth=\dimen169
\c@framenumber=\count137
)
(C:\Users\msassrb2\AppData\Roaming\MiKTeX\2.9\tex\latex\beamer\beamerbaseverbat
im.sty
\beamer@verbatimfileout=\write4
)
(C:\Users\msassrb2\AppData\Roaming\MiKTeX\2.9\tex\latex\beamer\beamerbaseframes
ize.sty
\beamer@splitbox=\box43
\beamer@autobreakcount=\count138
\beamer@autobreaklastheight=\dimen170
\beamer@frametitletoks=\toks28
\beamer@framesubtitletoks=\toks29
)
(C:\Users\msassrb2\AppData\Roaming\MiKTeX\2.9\tex\latex\beamer\beamerbaseframec
omponents.sty
\beamer@footins=\box44
)
(C:\Users\msassrb2\AppData\Roaming\MiKTeX\2.9\tex\latex\beamer\beamerbasecolor.
sty)
(C:\Users\msassrb2\AppData\Roaming\MiKTeX\2.9\tex\latex\beamer\beamerbasenotes.
sty
\beamer@frameboxcopy=\box45
)
(C:\Users\msassrb2\AppData\Roaming\MiKTeX\2.9\tex\latex\beamer\beamerbasetoc.st
y)
(C:\Users\msassrb2\AppData\Roaming\MiKTeX\2.9\tex\latex\beamer\beamerbasetempla
tes.sty
\beamer@sbttoks=\toks30

(C:\Users\msassrb2\AppData\Roaming\MiKTeX\2.9\tex\latex\beamer\beamerbaseauxtem
plates.sty
(C:\Users\msassrb2\AppData\Roaming\MiKTeX\2.9\tex\latex\beamer\beamerbaseboxes.
sty
\bmb@box=\box46
\bmb@colorbox=\box47
\bmb@boxshadow=\box48
\bmb@boxshadowball=\box49
\bmb@boxshadowballlarge=\box50
\bmb@temp=\dimen171
\bmb@dima=\dimen172
\bmb@dimb=\dimen173
\bmb@prevheight=\dimen174
)
\beamer@blockheadheight=\dimen175
))
(C:\Users\msassrb2\AppData\Roaming\MiKTeX\2.9\tex\latex\beamer\beamerbaselocals
tructure.sty ("C:\Program Files\MiKTeX 2.9\tex\latex\tools\enumerate.sty"
Package: enumerate 2015/07/23 v3.00 enumerate extensions (DPC)
\@enLab=\toks31
)
\c@figure=\count139
\c@table=\count140
\abovecaptionskip=\skip49
\belowcaptionskip=\skip50
)
(C:\Users\msassrb2\AppData\Roaming\MiKTeX\2.9\tex\latex\beamer\beamerbasenaviga
tion.sty
\beamer@section@min@dim=\dimen176
)
(C:\Users\msassrb2\AppData\Roaming\MiKTeX\2.9\tex\latex\beamer\beamerbasetheore
ms.sty ("C:\Program Files\MiKTeX 2.9\tex\latex\amsmath\amsmath.sty"
Package: amsmath 2016/11/05 v2.16a AMS math features
\@mathmargin=\skip51
For additional information on amsmath, use the `?' option.
("C:\Program Files\MiKTeX 2.9\tex\latex\amsmath\amstext.sty"
Package: amstext 2000/06/29 v2.01 AMS text
("C:\Program Files\MiKTeX 2.9\tex\latex\amsmath\amsgen.sty"
File: amsgen.sty 1999/11/30 v2.0 generic functions
\@emptytoks=\toks32
\ex@=\dimen177
)) ("C:\Program Files\MiKTeX 2.9\tex\latex\amsmath\amsbsy.sty"
Package: amsbsy 1999/11/29 v1.2d Bold Symbols
\pmbraise@=\dimen178
) ("C:\Program Files\MiKTeX 2.9\tex\latex\amsmath\amsopn.sty"
Package: amsopn 2016/03/08 v2.02 operator names
)
\inf@bad=\count141
LaTeX Info: Redefining \frac on input line 213.
\uproot@=\count142
\leftroot@=\count143
LaTeX Info: Redefining \overline on input line 375.
\classnum@=\count144
\DOTSCASE@=\count145
LaTeX Info: Redefining \ldots on input line 472.
LaTeX Info: Redefining \dots on input line 475.
LaTeX Info: Redefining \cdots on input line 596.
\Mathstrutbox@=\box51
\strutbox@=\box52
\big@size=\dimen179
LaTeX Font Info:    Redeclaring font encoding OML on input line 712.
LaTeX Font Info:    Redeclaring font encoding OMS on input line 713.
\macc@depth=\count146
\c@MaxMatrixCols=\count147
\dotsspace@=\muskip11
\c@parentequation=\count148
\dspbrk@lvl=\count149
\tag@help=\toks33
\row@=\count150
\column@=\count151
\maxfields@=\count152
\andhelp@=\toks34
\eqnshift@=\dimen180
\alignsep@=\dimen181
\tagshift@=\dimen182
\tagwidth@=\dimen183
\totwidth@=\dimen184
\lineht@=\dimen185
\@envbody=\toks35
\multlinegap=\skip52
\multlinetaggap=\skip53
\mathdisplay@stack=\toks36
LaTeX Info: Redefining \[ on input line 2817.
LaTeX Info: Redefining \] on input line 2818.
) ("C:\Program Files\MiKTeX 2.9\tex\latex\amscls\amsthm.sty"
Package: amsthm 2015/03/04 v2.20.2
\thm@style=\toks37
\thm@bodyfont=\toks38
\thm@headfont=\toks39
\thm@notefont=\toks40
\thm@headpunct=\toks41
\thm@preskip=\skip54
\thm@postskip=\skip55
\thm@headsep=\skip56
\dth@everypar=\toks42
)
\c@theorem=\count153
)
(C:\Users\msassrb2\AppData\Roaming\MiKTeX\2.9\tex\latex\beamer\beamerbasethemes
.sty))
(C:\Users\msassrb2\AppData\Roaming\MiKTeX\2.9\tex\latex\beamer\themes\theme\bea
merthemedefault.sty
(C:\Users\msassrb2\AppData\Roaming\MiKTeX\2.9\tex\latex\beamer\themes\font\beam
erfontthemedefault.sty)
(C:\Users\msassrb2\AppData\Roaming\MiKTeX\2.9\tex\latex\beamer\themes\color\bea
mercolorthemedefault.sty)
(C:\Users\msassrb2\AppData\Roaming\MiKTeX\2.9\tex\latex\beamer\themes\inner\bea
merinnerthemedefault.sty
\beamer@dima=\dimen186
\beamer@dimb=\dimen187
)
(C:\Users\msassrb2\AppData\Roaming\MiKTeX\2.9\tex\latex\beamer\themes\outer\bea
merouterthemedefault.sty))) ("C:\Program Files\MiKTeX 2.9\tex\latex\lm\lmodern.
sty"
Package: lmodern 2009/10/30 v1.6 Latin Modern Fonts
LaTeX Font Info:    Overwriting symbol font `operators' in version `normal'
(Font)                  OT1/cmr/m/n --> OT1/lmr/m/n on input line 22.
LaTeX Font Info:    Overwriting symbol font `letters' in version `normal'
(Font)                  OML/cmm/m/it --> OML/lmm/m/it on input line 23.
LaTeX Font Info:    Overwriting symbol font `symbols' in version `normal'
(Font)                  OMS/cmsy/m/n --> OMS/lmsy/m/n on input line 24.
LaTeX Font Info:    Overwriting symbol font `largesymbols' in version `normal'
(Font)                  OMX/cmex/m/n --> OMX/lmex/m/n on input line 25.
LaTeX Font Info:    Overwriting symbol font `operators' in version `bold'
(Font)                  OT1/cmr/bx/n --> OT1/lmr/bx/n on input line 26.
LaTeX Font Info:    Overwriting symbol font `letters' in version `bold'
(Font)                  OML/cmm/b/it --> OML/lmm/b/it on input line 27.
LaTeX Font Info:    Overwriting symbol font `symbols' in version `bold'
(Font)                  OMS/cmsy/b/n --> OMS/lmsy/b/n on input line 28.
LaTeX Font Info:    Overwriting symbol font `largesymbols' in version `bold'
(Font)                  OMX/cmex/m/n --> OMX/lmex/m/n on input line 29.
LaTeX Font Info:    Overwriting math alphabet `\mathbf' in version `normal'
(Font)                  OT1/cmr/bx/n --> OT1/lmr/bx/n on input line 31.
LaTeX Font Info:    Overwriting math alphabet `\mathsf' in version `normal'
(Font)                  OT1/cmss/m/n --> OT1/lmss/m/n on input line 32.
LaTeX Font Info:    Overwriting math alphabet `\mathit' in version `normal'
(Font)                  OT1/cmr/m/it --> OT1/lmr/m/it on input line 33.
LaTeX Font Info:    Overwriting math alphabet `\mathtt' in version `normal'
(Font)                  OT1/cmtt/m/n --> OT1/lmtt/m/n on input line 34.
LaTeX Font Info:    Overwriting math alphabet `\mathbf' in version `bold'
(Font)                  OT1/cmr/bx/n --> OT1/lmr/bx/n on input line 35.
LaTeX Font Info:    Overwriting math alphabet `\mathsf' in version `bold'
(Font)                  OT1/cmss/bx/n --> OT1/lmss/bx/n on input line 36.
LaTeX Font Info:    Overwriting math alphabet `\mathit' in version `bold'
(Font)                  OT1/cmr/bx/it --> OT1/lmr/bx/it on input line 37.
LaTeX Font Info:    Overwriting math alphabet `\mathtt' in version `bold'
(Font)                  OT1/cmtt/m/n --> OT1/lmtt/m/n on input line 38.
) ("C:\Program Files\MiKTeX 2.9\tex\latex\base\fixltx2e.sty"
Package: fixltx2e 2016/12/29 v2.1a fixes to LaTeX (obsolete)
Applying: [2015/01/01] Old fixltx2e package on input line 46.

Package fixltx2e Warning: fixltx2e is not required with releases after 2015
(fixltx2e)                All fixes are now in the LaTeX kernel.
(fixltx2e)                See the latexrelease package for details.

Already applied: [0000/00/00] Old fixltx2e package on input line 53.
) ("C:\Program Files\MiKTeX 2.9\tex\latex\base\fontenc.sty"
Package: fontenc 2017/01/24 v2.0c Standard LaTeX package
("C:\Program Files\MiKTeX 2.9\tex\latex\base\t1enc.def"
File: t1enc.def 2017/01/24 v2.0c Standard LaTeX file
LaTeX Font Info:    Redeclaring font encoding T1 on input line 48.
)) ("C:\Program Files\MiKTeX 2.9\tex\latex\base\inputenc.sty"
Package: inputenc 2015/03/17 v1.2c Input encoding file
\inpenc@prehook=\toks43
\inpenc@posthook=\toks44
("C:\Program Files\MiKTeX 2.9\tex\latex\base\utf8.def"
File: utf8.def 2016/02/28 v1.1s UTF-8 support for inputenc
Now handling font encoding OML ...
... no UTF-8 mapping file for font encoding OML
Now handling font encoding T1 ...
... processing UTF-8 mapping file for font encoding T1
("C:\Program Files\MiKTeX 2.9\tex\latex\base\t1enc.dfu"
File: t1enc.dfu 2016/02/28 v1.1s UTF-8 support for inputenc
   defining Unicode char U+00A0 (decimal 160)
   defining Unicode char U+00A1 (decimal 161)
   defining Unicode char U+00A3 (decimal 163)
   defining Unicode char U+00AB (decimal 171)
   defining Unicode char U+00AD (decimal 173)
   defining Unicode char U+00BB (decimal 187)
   defining Unicode char U+00BF (decimal 191)
   defining Unicode char U+00C0 (decimal 192)
   defining Unicode char U+00C1 (decimal 193)
   defining Unicode char U+00C2 (decimal 194)
   defining Unicode char U+00C3 (decimal 195)
   defining Unicode char U+00C4 (decimal 196)
   defining Unicode char U+00C5 (decimal 197)
   defining Unicode char U+00C6 (decimal 198)
   defining Unicode char U+00C7 (decimal 199)
   defining Unicode char U+00C8 (decimal 200)
   defining Unicode char U+00C9 (decimal 201)
   defining Unicode char U+00CA (decimal 202)
   defining Unicode char U+00CB (decimal 203)
   defining Unicode char U+00CC (decimal 204)
   defining Unicode char U+00CD (decimal 205)
   defining Unicode char U+00CE (decimal 206)
   defining Unicode char U+00CF (decimal 207)
   defining Unicode char U+00D0 (decimal 208)
   defining Unicode char U+00D1 (decimal 209)
   defining Unicode char U+00D2 (decimal 210)
   defining Unicode char U+00D3 (decimal 211)
   defining Unicode char U+00D4 (decimal 212)
   defining Unicode char U+00D5 (decimal 213)
   defining Unicode char U+00D6 (decimal 214)
   defining Unicode char U+00D8 (decimal 216)
   defining Unicode char U+00D9 (decimal 217)
   defining Unicode char U+00DA (decimal 218)
   defining Unicode char U+00DB (decimal 219)
   defining Unicode char U+00DC (decimal 220)
   defining Unicode char U+00DD (decimal 221)
   defining Unicode char U+00DE (decimal 222)
   defining Unicode char U+00DF (decimal 223)
   defining Unicode char U+00E0 (decimal 224)
   defining Unicode char U+00E1 (decimal 225)
   defining Unicode char U+00E2 (decimal 226)
   defining Unicode char U+00E3 (decimal 227)
   defining Unicode char U+00E4 (decimal 228)
   defining Unicode char U+00E5 (decimal 229)
   defining Unicode char U+00E6 (decimal 230)
   defining Unicode char U+00E7 (decimal 231)
   defining Unicode char U+00E8 (decimal 232)
   defining Unicode char U+00E9 (decimal 233)
   defining Unicode char U+00EA (decimal 234)
   defining Unicode char U+00EB (decimal 235)
   defining Unicode char U+00EC (decimal 236)
   defining Unicode char U+00ED (decimal 237)
   defining Unicode char U+00EE (decimal 238)
   defining Unicode char U+00EF (decimal 239)
   defining Unicode char U+00F0 (decimal 240)
   defining Unicode char U+00F1 (decimal 241)
   defining Unicode char U+00F2 (decimal 242)
   defining Unicode char U+00F3 (decimal 243)
   defining Unicode char U+00F4 (decimal 244)
   defining Unicode char U+00F5 (decimal 245)
   defining Unicode char U+00F6 (decimal 246)
   defining Unicode char U+00F8 (decimal 248)
   defining Unicode char U+00F9 (decimal 249)
   defining Unicode char U+00FA (decimal 250)
   defining Unicode char U+00FB (decimal 251)
   defining Unicode char U+00FC (decimal 252)
   defining Unicode char U+00FD (decimal 253)
   defining Unicode char U+00FE (decimal 254)
   defining Unicode char U+00FF (decimal 255)
   defining Unicode char U+0100 (decimal 256)
   defining Unicode char U+0101 (decimal 257)
   defining Unicode char U+0102 (decimal 258)
   defining Unicode char U+0103 (decimal 259)
   defining Unicode char U+0104 (decimal 260)
   defining Unicode char U+0105 (decimal 261)
   defining Unicode char U+0106 (decimal 262)
   defining Unicode char U+0107 (decimal 263)
   defining Unicode char U+0108 (decimal 264)
   defining Unicode char U+0109 (decimal 265)
   defining Unicode char U+010A (decimal 266)
   defining Unicode char U+010B (decimal 267)
   defining Unicode char U+010C (decimal 268)
   defining Unicode char U+010D (decimal 269)
   defining Unicode char U+010E (decimal 270)
   defining Unicode char U+010F (decimal 271)
   defining Unicode char U+0110 (decimal 272)
   defining Unicode char U+0111 (decimal 273)
   defining Unicode char U+0112 (decimal 274)
   defining Unicode char U+0113 (decimal 275)
   defining Unicode char U+0114 (decimal 276)
   defining Unicode char U+0115 (decimal 277)
   defining Unicode char U+0116 (decimal 278)
   defining Unicode char U+0117 (decimal 279)
   defining Unicode char U+0118 (decimal 280)
   defining Unicode char U+0119 (decimal 281)
   defining Unicode char U+011A (decimal 282)
   defining Unicode char U+011B (decimal 283)
   defining Unicode char U+011C (decimal 284)
   defining Unicode char U+011D (decimal 285)
   defining Unicode char U+011E (decimal 286)
   defining Unicode char U+011F (decimal 287)
   defining Unicode char U+0120 (decimal 288)
   defining Unicode char U+0121 (decimal 289)
   defining Unicode char U+0122 (decimal 290)
   defining Unicode char U+0123 (decimal 291)
   defining Unicode char U+0124 (decimal 292)
   defining Unicode char U+0125 (decimal 293)
   defining Unicode char U+0128 (decimal 296)
   defining Unicode char U+0129 (decimal 297)
   defining Unicode char U+012A (decimal 298)
   defining Unicode char U+012B (decimal 299)
   defining Unicode char U+012C (decimal 300)
   defining Unicode char U+012D (decimal 301)
   defining Unicode char U+012E (decimal 302)
   defining Unicode char U+012F (decimal 303)
   defining Unicode char U+0130 (decimal 304)
   defining Unicode char U+0131 (decimal 305)
   defining Unicode char U+0132 (decimal 306)
   defining Unicode char U+0133 (decimal 307)
   defining Unicode char U+0134 (decimal 308)
   defining Unicode char U+0135 (decimal 309)
   defining Unicode char U+0136 (decimal 310)
   defining Unicode char U+0137 (decimal 311)
   defining Unicode char U+0139 (decimal 313)
   defining Unicode char U+013A (decimal 314)
   defining Unicode char U+013B (decimal 315)
   defining Unicode char U+013C (decimal 316)
   defining Unicode char U+013D (decimal 317)
   defining Unicode char U+013E (decimal 318)
   defining Unicode char U+0141 (decimal 321)
   defining Unicode char U+0142 (decimal 322)
   defining Unicode char U+0143 (decimal 323)
   defining Unicode char U+0144 (decimal 324)
   defining Unicode char U+0145 (decimal 325)
   defining Unicode char U+0146 (decimal 326)
   defining Unicode char U+0147 (decimal 327)
   defining Unicode char U+0148 (decimal 328)
   defining Unicode char U+014A (decimal 330)
   defining Unicode char U+014B (decimal 331)
   defining Unicode char U+014C (decimal 332)
   defining Unicode char U+014D (decimal 333)
   defining Unicode char U+014E (decimal 334)
   defining Unicode char U+014F (decimal 335)
   defining Unicode char U+0150 (decimal 336)
   defining Unicode char U+0151 (decimal 337)
   defining Unicode char U+0152 (decimal 338)
   defining Unicode char U+0153 (decimal 339)
   defining Unicode char U+0154 (decimal 340)
   defining Unicode char U+0155 (decimal 341)
   defining Unicode char U+0156 (decimal 342)
   defining Unicode char U+0157 (decimal 343)
   defining Unicode char U+0158 (decimal 344)
   defining Unicode char U+0159 (decimal 345)
   defining Unicode char U+015A (decimal 346)
   defining Unicode char U+015B (decimal 347)
   defining Unicode char U+015C (decimal 348)
   defining Unicode char U+015D (decimal 349)
   defining Unicode char U+015E (decimal 350)
   defining Unicode char U+015F (decimal 351)
   defining Unicode char U+0160 (decimal 352)
   defining Unicode char U+0161 (decimal 353)
   defining Unicode char U+0162 (decimal 354)
   defining Unicode char U+0163 (decimal 355)
   defining Unicode char U+0164 (decimal 356)
   defining Unicode char U+0165 (decimal 357)
   defining Unicode char U+0168 (decimal 360)
   defining Unicode char U+0169 (decimal 361)
   defining Unicode char U+016A (decimal 362)
   defining Unicode char U+016B (decimal 363)
   defining Unicode char U+016C (decimal 364)
   defining Unicode char U+016D (decimal 365)
   defining Unicode char U+016E (decimal 366)
   defining Unicode char U+016F (decimal 367)
   defining Unicode char U+0170 (decimal 368)
   defining Unicode char U+0171 (decimal 369)
   defining Unicode char U+0172 (decimal 370)
   defining Unicode char U+0173 (decimal 371)
   defining Unicode char U+0174 (decimal 372)
   defining Unicode char U+0175 (decimal 373)
   defining Unicode char U+0176 (decimal 374)
   defining Unicode char U+0177 (decimal 375)
   defining Unicode char U+0178 (decimal 376)
   defining Unicode char U+0179 (decimal 377)
   defining Unicode char U+017A (decimal 378)
   defining Unicode char U+017B (decimal 379)
   defining Unicode char U+017C (decimal 380)
   defining Unicode char U+017D (decimal 381)
   defining Unicode char U+017E (decimal 382)
   defining Unicode char U+01CD (decimal 461)
   defining Unicode char U+01CE (decimal 462)
   defining Unicode char U+01CF (decimal 463)
   defining Unicode char U+01D0 (decimal 464)
   defining Unicode char U+01D1 (decimal 465)
   defining Unicode char U+01D2 (decimal 466)
   defining Unicode char U+01D3 (decimal 467)
   defining Unicode char U+01D4 (decimal 468)
   defining Unicode char U+01E2 (decimal 482)
   defining Unicode char U+01E3 (decimal 483)
   defining Unicode char U+01E6 (decimal 486)
   defining Unicode char U+01E7 (decimal 487)
   defining Unicode char U+01E8 (decimal 488)
   defining Unicode char U+01E9 (decimal 489)
   defining Unicode char U+01EA (decimal 490)
   defining Unicode char U+01EB (decimal 491)
   defining Unicode char U+01F0 (decimal 496)
   defining Unicode char U+01F4 (decimal 500)
   defining Unicode char U+01F5 (decimal 501)
   defining Unicode char U+0218 (decimal 536)
   defining Unicode char U+0219 (decimal 537)
   defining Unicode char U+021A (decimal 538)
   defining Unicode char U+021B (decimal 539)
   defining Unicode char U+1E02 (decimal 7682)
   defining Unicode char U+1E03 (decimal 7683)
   defining Unicode char U+200C (decimal 8204)
   defining Unicode char U+2010 (decimal 8208)
   defining Unicode char U+2011 (decimal 8209)
   defining Unicode char U+2012 (decimal 8210)
   defining Unicode char U+2013 (decimal 8211)
   defining Unicode char U+2014 (decimal 8212)
   defining Unicode char U+2015 (decimal 8213)
   defining Unicode char U+2018 (decimal 8216)
   defining Unicode char U+2019 (decimal 8217)
   defining Unicode char U+201A (decimal 8218)
   defining Unicode char U+201C (decimal 8220)
   defining Unicode char U+201D (decimal 8221)
   defining Unicode char U+201E (decimal 8222)
   defining Unicode char U+2030 (decimal 8240)
   defining Unicode char U+2031 (decimal 8241)
   defining Unicode char U+2039 (decimal 8249)
   defining Unicode char U+203A (decimal 8250)
   defining Unicode char U+2423 (decimal 9251)
)
Now handling font encoding OT1 ...
... processing UTF-8 mapping file for font encoding OT1
("C:\Program Files\MiKTeX 2.9\tex\latex\base\ot1enc.dfu"
File: ot1enc.dfu 2016/02/28 v1.1s UTF-8 support for inputenc
   defining Unicode char U+00A0 (decimal 160)
   defining Unicode char U+00A1 (decimal 161)
   defining Unicode char U+00A3 (decimal 163)
   defining Unicode char U+00AD (decimal 173)
   defining Unicode char U+00B8 (decimal 184)
   defining Unicode char U+00BF (decimal 191)
   defining Unicode char U+00C5 (decimal 197)
   defining Unicode char U+00C6 (decimal 198)
   defining Unicode char U+00D8 (decimal 216)
   defining Unicode char U+00DF (decimal 223)
   defining Unicode char U+00E6 (decimal 230)
   defining Unicode char U+00EC (decimal 236)
   defining Unicode char U+00ED (decimal 237)
   defining Unicode char U+00EE (decimal 238)
   defining Unicode char U+00EF (decimal 239)
   defining Unicode char U+00F8 (decimal 248)
   defining Unicode char U+0131 (decimal 305)
   defining Unicode char U+0141 (decimal 321)
   defining Unicode char U+0142 (decimal 322)
   defining Unicode char U+0152 (decimal 338)
   defining Unicode char U+0153 (decimal 339)
   defining Unicode char U+0174 (decimal 372)
   defining Unicode char U+0175 (decimal 373)
   defining Unicode char U+0176 (decimal 374)
   defining Unicode char U+0177 (decimal 375)
   defining Unicode char U+0218 (decimal 536)
   defining Unicode char U+0219 (decimal 537)
   defining Unicode char U+021A (decimal 538)
   defining Unicode char U+021B (decimal 539)
   defining Unicode char U+2013 (decimal 8211)
   defining Unicode char U+2014 (decimal 8212)
   defining Unicode char U+2018 (decimal 8216)
   defining Unicode char U+2019 (decimal 8217)
   defining Unicode char U+201C (decimal 8220)
   defining Unicode char U+201D (decimal 8221)
)
Now handling font encoding OMS ...
... processing UTF-8 mapping file for font encoding OMS
("C:\Program Files\MiKTeX 2.9\tex\latex\base\omsenc.dfu"
File: omsenc.dfu 2016/02/28 v1.1s UTF-8 support for inputenc
   defining Unicode char U+00A7 (decimal 167)
   defining Unicode char U+00B6 (decimal 182)
   defining Unicode char U+00B7 (decimal 183)
   defining Unicode char U+2020 (decimal 8224)
   defining Unicode char U+2021 (decimal 8225)
   defining Unicode char U+2022 (decimal 8226)
)
Now handling font encoding OMX ...
... no UTF-8 mapping file for font encoding OMX
Now handling font encoding U ...
... no UTF-8 mapping file for font encoding U
Now handling font encoding PD1 ...
... no UTF-8 mapping file for font encoding PD1
   defining Unicode char U+00A9 (decimal 169)
   defining Unicode char U+00AA (decimal 170)
   defining Unicode char U+00AE (decimal 174)
   defining Unicode char U+00BA (decimal 186)
   defining Unicode char U+02C6 (decimal 710)
   defining Unicode char U+02DC (decimal 732)
   defining Unicode char U+200C (decimal 8204)
   defining Unicode char U+2026 (decimal 8230)
   defining Unicode char U+2122 (decimal 8482)
   defining Unicode char U+2423 (decimal 9251)
)) (C:\Users\msassrb2\AppData\Roaming\MiKTeX\2.9\tex\latex\upquote\upquote.sty
Package: upquote 2012/04/19 v1.3 upright-quote and grave-accent glyphs in verba
tim
("C:\Program Files\MiKTeX 2.9\tex\latex\base\textcomp.sty"
Package: textcomp 2017/01/24 v2.0c Standard LaTeX package
Package textcomp Info: Sub-encoding information:
(textcomp)               5 = only ISO-Adobe without \textcurrency
(textcomp)               4 = 5 + \texteuro
(textcomp)               3 = 4 + \textohm
(textcomp)               2 = 3 + \textestimated + \textcurrency
(textcomp)               1 = TS1 - \textcircled - \t
(textcomp)               0 = TS1 (full)
(textcomp)             Font families with sub-encoding setting implement
(textcomp)             only a restricted character set as indicated.
(textcomp)             Family '?' is the default used for unknown fonts.
(textcomp)             See the documentation for details.
Package textcomp Info: Setting ? sub-encoding to TS1/1 on input line 79.
("C:\Program Files\MiKTeX 2.9\tex\latex\base\ts1enc.def"
File: ts1enc.def 2001/06/05 v3.0e (jk/car/fm) Standard LaTeX file
Now handling font encoding TS1 ...
... processing UTF-8 mapping file for font encoding TS1
("C:\Program Files\MiKTeX 2.9\tex\latex\base\ts1enc.dfu"
File: ts1enc.dfu 2016/02/28 v1.1s UTF-8 support for inputenc
   defining Unicode char U+00A2 (decimal 162)
   defining Unicode char U+00A3 (decimal 163)
   defining Unicode char U+00A4 (decimal 164)
   defining Unicode char U+00A5 (decimal 165)
   defining Unicode char U+00A6 (decimal 166)
   defining Unicode char U+00A7 (decimal 167)
   defining Unicode char U+00A8 (decimal 168)
   defining Unicode char U+00A9 (decimal 169)
   defining Unicode char U+00AA (decimal 170)
   defining Unicode char U+00AC (decimal 172)
   defining Unicode char U+00AE (decimal 174)
   defining Unicode char U+00AF (decimal 175)
   defining Unicode char U+00B0 (decimal 176)
   defining Unicode char U+00B1 (decimal 177)
   defining Unicode char U+00B2 (decimal 178)
   defining Unicode char U+00B3 (decimal 179)
   defining Unicode char U+00B4 (decimal 180)
   defining Unicode char U+00B5 (decimal 181)
   defining Unicode char U+00B6 (decimal 182)
   defining Unicode char U+00B7 (decimal 183)
   defining Unicode char U+00B9 (decimal 185)
   defining Unicode char U+00BA (decimal 186)
   defining Unicode char U+00BC (decimal 188)
   defining Unicode char U+00BD (decimal 189)
   defining Unicode char U+00BE (decimal 190)
   defining Unicode char U+00D7 (decimal 215)
   defining Unicode char U+00F7 (decimal 247)
   defining Unicode char U+0192 (decimal 402)
   defining Unicode char U+02C7 (decimal 711)
   defining Unicode char U+02D8 (decimal 728)
   defining Unicode char U+02DD (decimal 733)
   defining Unicode char U+0E3F (decimal 3647)
   defining Unicode char U+2016 (decimal 8214)
   defining Unicode char U+2020 (decimal 8224)
   defining Unicode char U+2021 (decimal 8225)
   defining Unicode char U+2022 (decimal 8226)
   defining Unicode char U+2030 (decimal 8240)
   defining Unicode char U+2031 (decimal 8241)
   defining Unicode char U+203B (decimal 8251)
   defining Unicode char U+203D (decimal 8253)
   defining Unicode char U+2044 (decimal 8260)
   defining Unicode char U+204E (decimal 8270)
   defining Unicode char U+2052 (decimal 8274)
   defining Unicode char U+20A1 (decimal 8353)
   defining Unicode char U+20A4 (decimal 8356)
   defining Unicode char U+20A6 (decimal 8358)
   defining Unicode char U+20A9 (decimal 8361)
   defining Unicode char U+20AB (decimal 8363)
   defining Unicode char U+20AC (decimal 8364)
   defining Unicode char U+20B1 (decimal 8369)
   defining Unicode char U+2103 (decimal 8451)
   defining Unicode char U+2116 (decimal 8470)
   defining Unicode char U+2117 (decimal 8471)
   defining Unicode char U+211E (decimal 8478)
   defining Unicode char U+2120 (decimal 8480)
   defining Unicode char U+2122 (decimal 8482)
   defining Unicode char U+2126 (decimal 8486)
   defining Unicode char U+2127 (decimal 8487)
   defining Unicode char U+212E (decimal 8494)
   defining Unicode char U+2190 (decimal 8592)
   defining Unicode char U+2191 (decimal 8593)
   defining Unicode char U+2192 (decimal 8594)
   defining Unicode char U+2193 (decimal 8595)
   defining Unicode char U+2329 (decimal 9001)
   defining Unicode char U+232A (decimal 9002)
   defining Unicode char U+2422 (decimal 9250)
   defining Unicode char U+25E6 (decimal 9702)
   defining Unicode char U+25EF (decimal 9711)
   defining Unicode char U+266A (decimal 9834)
))
LaTeX Info: Redefining \oldstylenums on input line 334.
Package textcomp Info: Setting cmr sub-encoding to TS1/0 on input line 349.
Package textcomp Info: Setting cmss sub-encoding to TS1/0 on input line 350.
Package textcomp Info: Setting cmtt sub-encoding to TS1/0 on input line 351.
Package textcomp Info: Setting cmvtt sub-encoding to TS1/0 on input line 352.
Package textcomp Info: Setting cmbr sub-encoding to TS1/0 on input line 353.
Package textcomp Info: Setting cmtl sub-encoding to TS1/0 on input line 354.
Package textcomp Info: Setting ccr sub-encoding to TS1/0 on input line 355.
Package textcomp Info: Setting ptm sub-encoding to TS1/4 on input line 356.
Package textcomp Info: Setting pcr sub-encoding to TS1/4 on input line 357.
Package textcomp Info: Setting phv sub-encoding to TS1/4 on input line 358.
Package textcomp Info: Setting ppl sub-encoding to TS1/3 on input line 359.
Package textcomp Info: Setting pag sub-encoding to TS1/4 on input line 360.
Package textcomp Info: Setting pbk sub-encoding to TS1/4 on input line 361.
Package textcomp Info: Setting pnc sub-encoding to TS1/4 on input line 362.
Package textcomp Info: Setting pzc sub-encoding to TS1/4 on input line 363.
Package textcomp Info: Setting bch sub-encoding to TS1/4 on input line 364.
Package textcomp Info: Setting put sub-encoding to TS1/5 on input line 365.
Package textcomp Info: Setting uag sub-encoding to TS1/5 on input line 366.
Package textcomp Info: Setting ugq sub-encoding to TS1/5 on input line 367.
Package textcomp Info: Setting ul8 sub-encoding to TS1/4 on input line 368.
Package textcomp Info: Setting ul9 sub-encoding to TS1/4 on input line 369.
Package textcomp Info: Setting augie sub-encoding to TS1/5 on input line 370.
Package textcomp Info: Setting dayrom sub-encoding to TS1/3 on input line 371.
Package textcomp Info: Setting dayroms sub-encoding to TS1/3 on input line 372.

Package textcomp Info: Setting pxr sub-encoding to TS1/0 on input line 373.
Package textcomp Info: Setting pxss sub-encoding to TS1/0 on input line 374.
Package textcomp Info: Setting pxtt sub-encoding to TS1/0 on input line 375.
Package textcomp Info: Setting txr sub-encoding to TS1/0 on input line 376.
Package textcomp Info: Setting txss sub-encoding to TS1/0 on input line 377.
Package textcomp Info: Setting txtt sub-encoding to TS1/0 on input line 378.
Package textcomp Info: Setting lmr sub-encoding to TS1/0 on input line 379.
Package textcomp Info: Setting lmdh sub-encoding to TS1/0 on input line 380.
Package textcomp Info: Setting lmss sub-encoding to TS1/0 on input line 381.
Package textcomp Info: Setting lmssq sub-encoding to TS1/0 on input line 382.
Package textcomp Info: Setting lmvtt sub-encoding to TS1/0 on input line 383.
Package textcomp Info: Setting lmtt sub-encoding to TS1/0 on input line 384.
Package textcomp Info: Setting qhv sub-encoding to TS1/0 on input line 385.
Package textcomp Info: Setting qag sub-encoding to TS1/0 on input line 386.
Package textcomp Info: Setting qbk sub-encoding to TS1/0 on input line 387.
Package textcomp Info: Setting qcr sub-encoding to TS1/0 on input line 388.
Package textcomp Info: Setting qcs sub-encoding to TS1/0 on input line 389.
Package textcomp Info: Setting qpl sub-encoding to TS1/0 on input line 390.
Package textcomp Info: Setting qtm sub-encoding to TS1/0 on input line 391.
Package textcomp Info: Setting qzc sub-encoding to TS1/0 on input line 392.
Package textcomp Info: Setting qhvc sub-encoding to TS1/0 on input line 393.
Package textcomp Info: Setting futs sub-encoding to TS1/4 on input line 394.
Package textcomp Info: Setting futx sub-encoding to TS1/4 on input line 395.
Package textcomp Info: Setting futj sub-encoding to TS1/4 on input line 396.
Package textcomp Info: Setting hlh sub-encoding to TS1/3 on input line 397.
Package textcomp Info: Setting hls sub-encoding to TS1/3 on input line 398.
Package textcomp Info: Setting hlst sub-encoding to TS1/3 on input line 399.
Package textcomp Info: Setting hlct sub-encoding to TS1/5 on input line 400.
Package textcomp Info: Setting hlx sub-encoding to TS1/5 on input line 401.
Package textcomp Info: Setting hlce sub-encoding to TS1/5 on input line 402.
Package textcomp Info: Setting hlcn sub-encoding to TS1/5 on input line 403.
Package textcomp Info: Setting hlcw sub-encoding to TS1/5 on input line 404.
Package textcomp Info: Setting hlcf sub-encoding to TS1/5 on input line 405.
Package textcomp Info: Setting pplx sub-encoding to TS1/3 on input line 406.
Package textcomp Info: Setting pplj sub-encoding to TS1/3 on input line 407.
Package textcomp Info: Setting ptmx sub-encoding to TS1/4 on input line 408.
Package textcomp Info: Setting ptmj sub-encoding to TS1/4 on input line 409.
))
(C:\Users\msassrb2\AppData\Roaming\MiKTeX\2.9\tex\latex\microtype\microtype.sty
Package: microtype 2016/05/14 v2.6a Micro-typographical refinements (RS)
\MT@toks=\toks45
\MT@count=\count154
LaTeX Info: Redefining \textls on input line 774.
\MT@outer@kern=\dimen188
LaTeX Info: Redefining \textmicrotypecontext on input line 1310.
\MT@listname@count=\count155

(C:\Users\msassrb2\AppData\Roaming\MiKTeX\2.9\tex\latex\microtype\microtype-pdf
tex.def
File: microtype-pdftex.def 2016/05/14 v2.6a Definitions specific to pdftex (RS)

LaTeX Info: Redefining \lsstyle on input line 916.
LaTeX Info: Redefining \lslig on input line 916.
\MT@outer@space=\skip57
)
Package microtype Info: Loading configuration file microtype.cfg.

(C:\Users\msassrb2\AppData\Roaming\MiKTeX\2.9\tex\latex\microtype\microtype.cfg
File: microtype.cfg 2016/05/14 v2.6a microtype main configuration file (RS)
))
Package hyperref Info: Option `breaklinks' set `true' on input line 33.
(C:\Users\msassrb2\AppData\Roaming\MiKTeX\2.9\tex\latex\fancyvrb\fancyvrb.sty
Package: fancyvrb 2008/02/07

Style option: `fancyvrb' v2.7a, with DG/SPQR fixes, and firstline=lastline fix 
<2008/02/07> (tvz)
\FV@CodeLineNo=\count156
\FV@InFile=\read2
\FV@TabBox=\box53
\c@FancyVerbLine=\count157
\FV@StepNumber=\count158
\FV@OutFile=\write5
) (C:\Users\msassrb2\AppData\Roaming\MiKTeX\2.9\tex\latex\framed\framed.sty
Package: framed 2011/10/22 v 0.96: framed or shaded text with page breaks
\OuterFrameSep=\skip58
\fb@frw=\dimen189
\fb@frh=\dimen190
\FrameRule=\dimen191
\FrameSep=\dimen192
) ("C:\Program Files\MiKTeX 2.9\tex\latex\oberdiek\grffile.sty"
Package: grffile 2016/05/16 v1.17 Extended file name support for graphics (HO)
Package grffile Info: Option `multidot' is set to `true'.
Package grffile Info: Option `extendedchars' is set to `false'.
Package grffile Info: Option `space' is set to `true'.
Package grffile Info: \Gin@ii of package `graphicx' fixed on input line 486.
)
(C:\Users\msassrb2\AppData\Roaming\MiKTeX\2.9\tex\latex\beamer\multimedia\multi
media.sty
Package: multimedia 2012/05/02 ver 0.02
\mm@movie=\count159
)
(C:\Users\msassrb2\AppData\Roaming\MiKTeX\2.9\tex\latex\pgf\frontendlayer\tikz.
sty (C:\Users\msassrb2\AppData\Roaming\MiKTeX\2.9\tex\latex\pgf\basiclayer\pgf.
sty
Package: pgf 2015/08/07 v3.0.1a (rcs-revision 1.15)

(C:\Users\msassrb2\AppData\Roaming\MiKTeX\2.9\tex\generic\pgf\modules\pgfmodule
shapes.code.tex
File: pgfmoduleshapes.code.tex 2014/03/21  (rcs-revision 1.35)
\pgfnodeparttextbox=\box54
)
(C:\Users\msassrb2\AppData\Roaming\MiKTeX\2.9\tex\generic\pgf\modules\pgfmodule
plot.code.tex
File: pgfmoduleplot.code.tex 2015/08/03  (rcs-revision 1.13)
)
(C:\Users\msassrb2\AppData\Roaming\MiKTeX\2.9\tex\latex\pgf\compatibility\pgfco
mp-version-0-65.sty
Package: pgfcomp-version-0-65 2007/07/03 v3.0.1a (rcs-revision 1.7)
\pgf@nodesepstart=\dimen193
\pgf@nodesepend=\dimen194
)
(C:\Users\msassrb2\AppData\Roaming\MiKTeX\2.9\tex\latex\pgf\compatibility\pgfco
mp-version-1-18.sty
Package: pgfcomp-version-1-18 2007/07/23 v3.0.1a (rcs-revision 1.1)
))
(C:\Users\msassrb2\AppData\Roaming\MiKTeX\2.9\tex\latex\pgf\utilities\pgffor.st
y
(C:\Users\msassrb2\AppData\Roaming\MiKTeX\2.9\tex\latex\pgf\utilities\pgfkeys.s
ty
(C:\Users\msassrb2\AppData\Roaming\MiKTeX\2.9\tex\generic\pgf\utilities\pgfkeys
.code.tex)) (C:\Users\msassrb2\AppData\Roaming\MiKTeX\2.9\tex\latex\pgf\math\pg
fmath.sty
(C:\Users\msassrb2\AppData\Roaming\MiKTeX\2.9\tex\generic\pgf\math\pgfmath.code
.tex))
(C:\Users\msassrb2\AppData\Roaming\MiKTeX\2.9\tex\generic\pgf\utilities\pgffor.
code.tex
Package: pgffor 2013/12/13 v3.0.1a (rcs-revision 1.25)

(C:\Users\msassrb2\AppData\Roaming\MiKTeX\2.9\tex\generic\pgf\math\pgfmath.code
.tex)
\pgffor@iter=\dimen195
\pgffor@skip=\dimen196
\pgffor@stack=\toks46
\pgffor@toks=\toks47
))
(C:\Users\msassrb2\AppData\Roaming\MiKTeX\2.9\tex\generic\pgf\frontendlayer\tik
z\tikz.code.tex
Package: tikz 2015/08/07 v3.0.1a (rcs-revision 1.151)

(C:\Users\msassrb2\AppData\Roaming\MiKTeX\2.9\tex\generic\pgf\libraries\pgflibr
aryplothandlers.code.tex
File: pgflibraryplothandlers.code.tex 2013/08/31 v3.0.1a (rcs-revision 1.20)
\pgf@plot@mark@count=\count160
\pgfplotmarksize=\dimen197
)
\tikz@lastx=\dimen198
\tikz@lasty=\dimen199
\tikz@lastxsaved=\dimen256
\tikz@lastysaved=\dimen257
\tikzleveldistance=\dimen258
\tikzsiblingdistance=\dimen259
\tikz@figbox=\box55
\tikz@figbox@bg=\box56
\tikz@tempbox=\box57
\tikz@tempbox@bg=\box58
\tikztreelevel=\count161
\tikznumberofchildren=\count162
\tikznumberofcurrentchild=\count163
\tikz@fig@count=\count164

(C:\Users\msassrb2\AppData\Roaming\MiKTeX\2.9\tex\generic\pgf\modules\pgfmodule
matrix.code.tex
File: pgfmodulematrix.code.tex 2013/09/17  (rcs-revision 1.8)
\pgfmatrixcurrentrow=\count165
\pgfmatrixcurrentcolumn=\count166
\pgf@matrix@numberofcolumns=\count167
)
\tikz@expandcount=\count168

(C:\Users\msassrb2\AppData\Roaming\MiKTeX\2.9\tex\generic\pgf\frontendlayer\tik
z\libraries\tikzlibrarytopaths.code.tex
File: tikzlibrarytopaths.code.tex 2008/06/17 v3.0.1a (rcs-revision 1.2)
))) (C:\Users\msassrb2\AppData\Roaming\MiKTeX\2.9\tex\latex\pgfplots\pgfplots.s
ty
(C:\Users\msassrb2\AppData\Roaming\MiKTeX\2.9\tex\generic\pgfplots\pgfplots.rev
ision.tex)
Package: pgfplots 2018/03/28 v1.16 Data Visualization (1.16)

(C:\Users\msassrb2\AppData\Roaming\MiKTeX\2.9\tex\generic\pgfplots\pgfplots.cod
e.tex
(C:\Users\msassrb2\AppData\Roaming\MiKTeX\2.9\tex\generic\pgfplots\pgfplotscore
.code.tex
\t@pgfplots@toka=\toks48
\t@pgfplots@tokb=\toks49
\t@pgfplots@tokc=\toks50
\pgfplots@tmpa=\dimen260
\c@pgfplots@coordindex=\count169
\c@pgfplots@scanlineindex=\count170

(C:\Users\msassrb2\AppData\Roaming\MiKTeX\2.9\tex\generic\pgfplots\sys\pgfplots
sysgeneric.code.tex))
(C:\Users\msassrb2\AppData\Roaming\MiKTeX\2.9\tex\generic\pgfplots\libs\pgfplot
slibrary.code.tex)
(C:\Users\msassrb2\AppData\Roaming\MiKTeX\2.9\tex\generic\pgfplots\oldpgfcompat
ib\pgfplotsoldpgfsupp_loader.code.tex
(C:\Users\msassrb2\AppData\Roaming\MiKTeX\2.9\tex\generic\pgf\libraries\pgflibr
aryfpu.code.tex)
Package pgfplots: loading complementary arithmetics for your pgf version...

(C:\Users\msassrb2\AppData\Roaming\MiKTeX\2.9\tex\generic\pgfplots\oldpgfcompat
ib\pgfplotsoldpgfsupp_pgflibraryfpu.code.tex)
(C:\Users\msassrb2\AppData\Roaming\MiKTeX\2.9\tex\generic\pgfplots\oldpgfcompat
ib\pgfplotsoldpgfsupp_pgfmathfloat.code.tex
\c@pgfmathroundto@lastzeros=\count171
)
(C:\Users\msassrb2\AppData\Roaming\MiKTeX\2.9\tex\generic\pgfplots\oldpgfcompat
ib\pgfplotsoldpgfsupp_leq.code.tex))
(C:\Users\msassrb2\AppData\Roaming\MiKTeX\2.9\tex\generic\pgfplots\util\pgfplot
sutil.code.tex
(C:\Users\msassrb2\AppData\Roaming\MiKTeX\2.9\tex\generic\pgfplots\liststructur
e\pgfplotsliststructure.code.tex)
(C:\Users\msassrb2\AppData\Roaming\MiKTeX\2.9\tex\generic\pgfplots\liststructur
e\pgfplotsliststructureext.code.tex)
(C:\Users\msassrb2\AppData\Roaming\MiKTeX\2.9\tex\generic\pgfplots\liststructur
e\pgfplotsarray.code.tex
\c@pgfplotsarray@tmp=\count172
)
(C:\Users\msassrb2\AppData\Roaming\MiKTeX\2.9\tex\generic\pgfplots\liststructur
e\pgfplotsmatrix.code.tex)
(C:\Users\msassrb2\AppData\Roaming\MiKTeX\2.9\tex\generic\pgfplots\numtable\pgf
plotstableshared.code.tex
\c@pgfplotstable@counta=\count173
\t@pgfplotstable@a=\toks51
)
(C:\Users\msassrb2\AppData\Roaming\MiKTeX\2.9\tex\generic\pgfplots\liststructur
e\pgfplotsdeque.code.tex)
(C:\Users\msassrb2\AppData\Roaming\MiKTeX\2.9\tex\generic\pgfplots\util\pgfplot
sbinary.code.tex
(C:\Users\msassrb2\AppData\Roaming\MiKTeX\2.9\tex\generic\pgfplots\util\pgfplot
sbinary.data.code.tex))
(C:\Users\msassrb2\AppData\Roaming\MiKTeX\2.9\tex\generic\pgfplots\util\pgfplot
sutil.verb.code.tex)
(C:\Users\msassrb2\AppData\Roaming\MiKTeX\2.9\tex\generic\pgfplots\libs\pgflibr
arypgfplots.surfshading.code.tex
\c@pgfplotslibrarysurf@no=\count174

(C:\Users\msassrb2\AppData\Roaming\MiKTeX\2.9\tex\generic\pgfplots\sys\pgflibra
rypgfplots.surfshading.pgfsys-pdftex.def)))
(C:\Users\msassrb2\AppData\Roaming\MiKTeX\2.9\tex\generic\pgfplots\util\pgfplot
scolormap.code.tex
(C:\Users\msassrb2\AppData\Roaming\MiKTeX\2.9\tex\generic\pgfplots\util\pgfplot
scolor.code.tex))
(C:\Users\msassrb2\AppData\Roaming\MiKTeX\2.9\tex\generic\pgfplots\pgfplotsstac
kedplots.code.tex)
(C:\Users\msassrb2\AppData\Roaming\MiKTeX\2.9\tex\generic\pgfplots\pgfplotsplot
handlers.code.tex
(C:\Users\msassrb2\AppData\Roaming\MiKTeX\2.9\tex\generic\pgfplots\pgfplotsmesh
plothandler.code.tex
(C:\Users\msassrb2\AppData\Roaming\MiKTeX\2.9\tex\generic\pgfplots\pgfplotsmesh
plotimage.code.tex)))
(C:\Users\msassrb2\AppData\Roaming\MiKTeX\2.9\tex\generic\pgfplots\pgfplots.sca
ling.code.tex)
(C:\Users\msassrb2\AppData\Roaming\MiKTeX\2.9\tex\generic\pgfplots\pgfplotscoor
dprocessing.code.tex)
(C:\Users\msassrb2\AppData\Roaming\MiKTeX\2.9\tex\generic\pgfplots\pgfplots.err
orbars.code.tex)
(C:\Users\msassrb2\AppData\Roaming\MiKTeX\2.9\tex\generic\pgfplots\pgfplots.mar
kers.code.tex)
(C:\Users\msassrb2\AppData\Roaming\MiKTeX\2.9\tex\generic\pgfplots\pgfplotstick
s.code.tex)
(C:\Users\msassrb2\AppData\Roaming\MiKTeX\2.9\tex\generic\pgfplots\pgfplots.pat
hs.code.tex)
(C:\Users\msassrb2\AppData\Roaming\MiKTeX\2.9\tex\generic\pgf\frontendlayer\tik
z\libraries\tikzlibrarydecorations.code.tex
(C:\Users\msassrb2\AppData\Roaming\MiKTeX\2.9\tex\generic\pgf\modules\pgfmodule
decorations.code.tex
\pgfdecoratedcompleteddistance=\dimen261
\pgfdecoratedremainingdistance=\dimen262
\pgfdecoratedinputsegmentcompleteddistance=\dimen263
\pgfdecoratedinputsegmentremainingdistance=\dimen264
\pgf@decorate@distancetomove=\dimen265
\pgf@decorate@repeatstate=\count175
\pgfdecorationsegmentamplitude=\dimen266
\pgfdecorationsegmentlength=\dimen267
)
\tikz@lib@dec@box=\box59
)
(C:\Users\msassrb2\AppData\Roaming\MiKTeX\2.9\tex\generic\pgf\frontendlayer\tik
z\libraries\tikzlibrarydecorations.pathmorphing.code.tex
(C:\Users\msassrb2\AppData\Roaming\MiKTeX\2.9\tex\generic\pgf\libraries\decorat
ions\pgflibrarydecorations.pathmorphing.code.tex))
(C:\Users\msassrb2\AppData\Roaming\MiKTeX\2.9\tex\generic\pgf\frontendlayer\tik
z\libraries\tikzlibrarydecorations.pathreplacing.code.tex
(C:\Users\msassrb2\AppData\Roaming\MiKTeX\2.9\tex\generic\pgf\libraries\decorat
ions\pgflibrarydecorations.pathreplacing.code.tex))
\pgfplots@numplots=\count176
\pgfplots@xmin@reg=\dimen268
\pgfplots@xmax@reg=\dimen269
\pgfplots@ymin@reg=\dimen270
\pgfplots@ymax@reg=\dimen271
\pgfplots@zmin@reg=\dimen272
\pgfplots@zmax@reg=\dimen273
)
(C:\Users\msassrb2\AppData\Roaming\MiKTeX\2.9\tex\generic\pgf\frontendlayer\tik
z\libraries\tikzlibraryplotmarks.code.tex
File: tikzlibraryplotmarks.code.tex 2008/01/09 v3.0.1a (rcs-revision 1.1)

(C:\Users\msassrb2\AppData\Roaming\MiKTeX\2.9\tex\generic\pgf\libraries\pgflibr
aryplotmarks.code.tex
File: pgflibraryplotmarks.code.tex 2015/08/03 v3.0.1a (rcs-revision 1.14)
)))
(C:\Users\msassrb2\AppData\Roaming\MiKTeX\2.9\tex\generic\pgfplots\libs\tikzlib
rarypgfplots.fillbetween.code.tex
(C:\Users\msassrb2\AppData\Roaming\MiKTeX\2.9\tex\generic\pgfplots\pgfcontrib\t
ikzlibraryfillbetween.code.tex
(C:\Users\msassrb2\AppData\Roaming\MiKTeX\2.9\tex\generic\pgf\frontendlayer\tik
z\libraries\tikzlibraryintersections.code.tex
(C:\Users\msassrb2\AppData\Roaming\MiKTeX\2.9\tex\generic\pgf\libraries\pgflibr
aryintersections.code.tex
\pgf@intersect@solutions=\count177
))
(C:\Users\msassrb2\AppData\Roaming\MiKTeX\2.9\tex\generic\pgfplots\pgfcontrib\t
ikzlibrarydecorations.softclip.code.tex
(C:\Users\msassrb2\AppData\Roaming\MiKTeX\2.9\tex\generic\pgfplots\pgfcontrib\p
gflibraryfillbetween.code.tex
(C:\Users\msassrb2\AppData\Roaming\MiKTeX\2.9\tex\generic\pgfplots\oldpgfcompat
ib\pgfplotsoldpgfsupp_pgflibraryintersections.code.tex
\pgf@intersect@solutions=\count178
))))
(C:\Users\msassrb2\AppData\Roaming\MiKTeX\2.9\tex\generic\pgfplots\libs\tikzlib
rarypgfplots.decorations.softclip.code.tex))
Package hyperref Info: Option `colorlinks' set `true' on input line 129.

(C:\Users\msassrb2\AppData\Roaming\MiKTeX\2.9\tex\latex\beamer\themes\theme\bea
merthemeBoadilla.sty
(C:\Users\msassrb2\AppData\Roaming\MiKTeX\2.9\tex\latex\beamer\themes\color\bea
mercolorthemerose.sty)
(C:\Users\msassrb2\AppData\Roaming\MiKTeX\2.9\tex\latex\beamer\themes\inner\bea
merinnerthemerounded.sty)
(C:\Users\msassrb2\AppData\Roaming\MiKTeX\2.9\tex\latex\beamer\themes\color\bea
mercolorthemedolphin.sty)
(C:\Users\msassrb2\AppData\Roaming\MiKTeX\2.9\tex\latex\beamer\themes\outer\bea
merouterthemeinfolines.sty))
(C:\Users\msassrb2\AppData\Roaming\MiKTeX\2.9\tex\latex\beamer\themes\font\beam
erfontthemeserif.sty) (Lecture---Time-Series.aux

LaTeX Warning: Label `Simple_TSR' multiply defined.

)
\openout1 = `Lecture---Time-Series.aux'.

LaTeX Font Info:    Checking defaults for OML/cmm/m/it on input line 154.
LaTeX Font Info:    ... okay on input line 154.
LaTeX Font Info:    Checking defaults for T1/cmr/m/n on input line 154.
LaTeX Font Info:    ... okay on input line 154.
LaTeX Font Info:    Checking defaults for OT1/cmr/m/n on input line 154.
LaTeX Font Info:    ... okay on input line 154.
LaTeX Font Info:    Checking defaults for OMS/cmsy/m/n on input line 154.
LaTeX Font Info:    ... okay on input line 154.
LaTeX Font Info:    Checking defaults for OMX/cmex/m/n on input line 154.
LaTeX Font Info:    ... okay on input line 154.
LaTeX Font Info:    Checking defaults for U/cmr/m/n on input line 154.
LaTeX Font Info:    ... okay on input line 154.
LaTeX Font Info:    Checking defaults for PD1/pdf/m/n on input line 154.
LaTeX Font Info:    ... okay on input line 154.
LaTeX Font Info:    Checking defaults for TS1/cmr/m/n on input line 154.
LaTeX Font Info:    Try loading font information for TS1+cmr on input line 154.

("C:\Program Files\MiKTeX 2.9\tex\latex\base\ts1cmr.fd"
File: ts1cmr.fd 2014/09/29 v2.5h Standard LaTeX font definitions
)
LaTeX Font Info:    ... okay on input line 154.
LaTeX Font Info:    Try loading font information for T1+lmr on input line 154.
("C:\Program Files\MiKTeX 2.9\tex\latex\lm\t1lmr.fd"
File: t1lmr.fd 2009/10/30 v1.6 Font defs for Latin Modern
)
*geometry* driver: auto-detecting
*geometry* detected driver: pdftex
*geometry* verbose mode - [ preamble ] result:
* driver: pdftex
* paper: custom
* layout: <same size as paper>
* layoutoffset:(h,v)=(0.0pt,0.0pt)
* modes: includehead includefoot 
* h-part:(L,W,R)=(10.88002pt, 342.43532pt, 10.88002pt)
* v-part:(T,H,B)=(0.0pt, 273.14662pt, 0.0pt)
* \paperwidth=364.19536pt
* \paperheight=273.14662pt
* \textwidth=342.43532pt
* \textheight=244.6939pt
* \oddsidemargin=-61.38997pt
* \evensidemargin=-61.38997pt
* \topmargin=-72.26999pt
* \headheight=14.22636pt
* \headsep=0.0pt
* \topskip=11.0pt
* \footskip=14.22636pt
* \marginparwidth=4.0pt
* \marginparsep=10.0pt
* \columnsep=10.0pt
* \skip\footins=10.0pt plus 4.0pt minus 2.0pt
* \hoffset=0.0pt
* \voffset=0.0pt
* \mag=1000
* \@twocolumnfalse
* \@twosidefalse
* \@mparswitchfalse
* \@reversemarginfalse
* (1in=72.27pt=25.4mm, 1cm=28.453pt)

(C:\Users\msassrb2\AppData\Roaming\MiKTeX\2.9\tex\context\base\supp-pdf.mkii
[Loading MPS to PDF converter (version 2006.09.02).]
\scratchcounter=\count179
\scratchdimen=\dimen274
\scratchbox=\box60
\nofMPsegments=\count180
\nofMParguments=\count181
\everyMPshowfont=\toks52
\MPscratchCnt=\count182
\MPscratchDim=\dimen275
\MPnumerator=\count183
\makeMPintoPDFobject=\count184
\everyMPtoPDFconversion=\toks53
) ("C:\Program Files\MiKTeX 2.9\tex\latex\oberdiek\epstopdf-base.sty"
Package: epstopdf-base 2016/05/15 v2.6 Base part for package epstopdf
("C:\Program Files\MiKTeX 2.9\tex\latex\oberdiek\grfext.sty"
Package: grfext 2016/05/16 v1.2 Manage graphics extensions (HO)
)
Package epstopdf-base Info: Redefining graphics rule for `.eps' on input line 4
38.
Package grfext Info: Graphics extension search list:
(grfext)             [.png,.pdf,.jpg,.mps,.jpeg,.jbig2,.jb2,.PNG,.PDF,.JPG,.JPE
G,.JBIG2,.JB2,.eps]
(grfext)             \AppendGraphicsExtensions on input line 456.
) ABD: EveryShipout initializing macros
\AtBeginShipoutBox=\box61
Package hyperref Info: Link coloring ON on input line 154.
("C:\Program Files\MiKTeX 2.9\tex\latex\hyperref\nameref.sty"
Package: nameref 2016/05/21 v2.44 Cross-referencing by name of section
("C:\Program Files\MiKTeX 2.9\tex\generic\oberdiek\gettitlestring.sty"
Package: gettitlestring 2016/05/16 v1.5 Cleanup title references (HO)
)
\c@section@level=\count185
)
LaTeX Info: Redefining \ref on input line 154.
LaTeX Info: Redefining \pageref on input line 154.
LaTeX Info: Redefining \nameref on input line 154.
(Lecture---Time-Series.out) (Lecture---Time-Series.out)
\@outlinefile=\write6
\openout6 = `Lecture---Time-Series.out'.


(C:\Users\msassrb2\AppData\Roaming\MiKTeX\2.9\tex\latex\beamer\translator\dicts
\translator-basic-dictionary\translator-basic-dictionary-English.dict
Dictionary: translator-basic-dictionary, Language: English 
)
(C:\Users\msassrb2\AppData\Roaming\MiKTeX\2.9\tex\latex\beamer\translator\dicts
\translator-bibliography-dictionary\translator-bibliography-dictionary-English.
dict
Dictionary: translator-bibliography-dictionary, Language: English 
)
(C:\Users\msassrb2\AppData\Roaming\MiKTeX\2.9\tex\latex\beamer\translator\dicts
\translator-environment-dictionary\translator-environment-dictionary-English.di
ct
Dictionary: translator-environment-dictionary, Language: English 
)
(C:\Users\msassrb2\AppData\Roaming\MiKTeX\2.9\tex\latex\beamer\translator\dicts
\translator-months-dictionary\translator-months-dictionary-English.dict
Dictionary: translator-months-dictionary, Language: English 
)
(C:\Users\msassrb2\AppData\Roaming\MiKTeX\2.9\tex\latex\beamer\translator\dicts
\translator-numbers-dictionary\translator-numbers-dictionary-English.dict
Dictionary: translator-numbers-dictionary, Language: English 
)
(C:\Users\msassrb2\AppData\Roaming\MiKTeX\2.9\tex\latex\beamer\translator\dicts
\translator-theorem-dictionary\translator-theorem-dictionary-English.dict
Dictionary: translator-theorem-dictionary, Language: English 
)
LaTeX Info: Redefining \includegraphics on input line 154.
LaTeX Info: Redefining \microtypecontext on input line 154.
Package microtype Info: Generating PDF output.
Package microtype Info: Character protrusion enabled (level 2).
Package microtype Info: Using protrusion set `basicmath'.
Package microtype Info: Automatic font expansion enabled (level 2),
(microtype)             stretch: 20, shrink: 20, step: 1, non-selected.
Package microtype Info: Using default expansion set `basictext'.
Package microtype Info: No adjustment of tracking.
Package microtype Info: No adjustment of interword spacing.
Package microtype Info: No adjustment of character kerning.
(C:\Users\msassrb2\AppData\Roaming\MiKTeX\2.9\tex\latex\microtype\mt-cmr.cfg
File: mt-cmr.cfg 2013/05/19 v2.2 microtype config. file: Computer Modern Roman 
(RS)
)
Package pgfplots notification 'compat/show suggested version=true': you might b
enefit from \pgfplotsset{compat=1.16} (current compat level: 1.9).

(Lecture---Time-Series.nav) [1

{C:/Users/msassrb2/AppData/Local/MiKTeX/2.9/pdftex/config/pdftex.map}] [2

] [3

]
\openout4 = `Lecture---Time-Series.vrb'.

(Lecture---Time-Series.vrb
LaTeX Font Info:    Try loading font information for T1+lmtt on input line 4.
("C:\Program Files\MiKTeX 2.9\tex\latex\lm\t1lmtt.fd"
File: t1lmtt.fd 2009/10/30 v1.6 Font defs for Latin Modern
)
LaTeX Font Info:    Font shape `T1/lmtt/bx/n' in size <10.95> not available
(Font)              Font shape `T1/lmtt/b/n' tried instead on input line 5.
) [4

]
<Lecture---Time-Series_files/figure-beamer/unnamed-chunk-4-1.pdf, id=49, 722.7p
t x 505.89pt>
File: Lecture---Time-Series_files/figure-beamer/unnamed-chunk-4-1.pdf Graphic f
ile (type pdf)
<use Lecture---Time-Series_files/figure-beamer/unnamed-chunk-4-1.pdf>
Package pdftex.def Info: Lecture---Time-Series_files/figure-beamer/unnamed-chun
k-4-1.pdf used on input line 231.
(pdftex.def)             Requested size: 298.00714pt x 208.605pt.
[5

 <./Lecture---Time-Series_files/figure-beamer/unnamed-chunk-4-1.pdf>]
LaTeX Font Info:    Try loading font information for OT1+lmr on input line 249.

("C:\Program Files\MiKTeX 2.9\tex\latex\lm\ot1lmr.fd"
File: ot1lmr.fd 2009/10/30 v1.6 Font defs for Latin Modern
)
LaTeX Font Info:    Try loading font information for OML+lmm on input line 249.

("C:\Program Files\MiKTeX 2.9\tex\latex\lm\omllmm.fd"
File: omllmm.fd 2009/10/30 v1.6 Font defs for Latin Modern
)
LaTeX Font Info:    Try loading font information for OMS+lmsy on input line 249
.
("C:\Program Files\MiKTeX 2.9\tex\latex\lm\omslmsy.fd"
File: omslmsy.fd 2009/10/30 v1.6 Font defs for Latin Modern
)
LaTeX Font Info:    Try loading font information for OMX+lmex on input line 249
.
("C:\Program Files\MiKTeX 2.9\tex\latex\lm\omxlmex.fd"
File: omxlmex.fd 2009/10/30 v1.6 Font defs for Latin Modern
)
LaTeX Font Info:    External font `lmex10' loaded for size
(Font)              <10.95> on input line 249.
LaTeX Font Info:    External font `lmex10' loaded for size
(Font)              <8> on input line 249.
LaTeX Font Info:    External font `lmex10' loaded for size
(Font)              <6> on input line 249.
LaTeX Font Info:    Try loading font information for U+msa on input line 249.
("C:\Program Files\MiKTeX 2.9\tex\latex\amsfonts\umsa.fd"
File: umsa.fd 2013/01/14 v3.01 AMS symbols A
) (C:\Users\msassrb2\AppData\Roaming\MiKTeX\2.9\tex\latex\microtype\mt-msa.cfg
File: mt-msa.cfg 2006/02/04 v1.1 microtype config. file: AMS symbols (a) (RS)
)
LaTeX Font Info:    Try loading font information for U+msb on input line 249.
("C:\Program Files\MiKTeX 2.9\tex\latex\amsfonts\umsb.fd"
File: umsb.fd 2013/01/14 v3.01 AMS symbols B
) (C:\Users\msassrb2\AppData\Roaming\MiKTeX\2.9\tex\latex\microtype\mt-msb.cfg
File: mt-msb.cfg 2005/06/01 v1.0 microtype config. file: AMS symbols (b) (RS)
) [6

] [7

] [8

]
\openout4 = `Lecture---Time-Series.vrb'.

(Lecture---Time-Series.vrb
<Lecture---Time-Series_files/figure-beamer/unnamed-chunk-5-1.pdf, id=86, 252.94
5pt x 180.675pt>
File: Lecture---Time-Series_files/figure-beamer/unnamed-chunk-5-1.pdf Graphic f
ile (type pdf)
<use Lecture---Time-Series_files/figure-beamer/unnamed-chunk-5-1.pdf>
Package pdftex.def Info: Lecture---Time-Series_files/figure-beamer/unnamed-chun
k-5-1.pdf used on input line 11.
(pdftex.def)             Requested size: 252.94438pt x 180.67455pt.
) [9

 <./Lecture---Time-Series_files/figure-beamer/unnamed-chunk-5-1.pdf>] [10

]
<Lecture---Time-Series_files/figure-beamer/unnamed-chunk-6-1.pdf, id=105, 325.2
15pt x 180.675pt>
File: Lecture---Time-Series_files/figure-beamer/unnamed-chunk-6-1.pdf Graphic f
ile (type pdf)
<use Lecture---Time-Series_files/figure-beamer/unnamed-chunk-6-1.pdf>
Package pdftex.def Info: Lecture---Time-Series_files/figure-beamer/unnamed-chun
k-6-1.pdf used on input line 347.
(pdftex.def)             Requested size: 325.2142pt x 180.67455pt.

Overfull \hbox (10.26202pt too wide) in paragraph at lines 347--347
[][]\T1/lmr/m/n/10.95 (-20) These 
 []

[11

 <./Lecture---Time-Series_files/figure-beamer/unnamed-chunk-6-1.pdf>]
<Lecture---Time-Series_files/figure-beamer/unnamed-chunk-7-1.pdf, id=117, 325.2
15pt x 252.945pt>
File: Lecture---Time-Series_files/figure-beamer/unnamed-chunk-7-1.pdf Graphic f
ile (type pdf)
<use Lecture---Time-Series_files/figure-beamer/unnamed-chunk-7-1.pdf>
Package pdftex.def Info: Lecture---Time-Series_files/figure-beamer/unnamed-chun
k-7-1.pdf used on input line 353.
(pdftex.def)             Requested size: 325.21916pt x 252.94823pt.

Overfull \vbox (16.47083pt too high) detected at line 353
 []

[12

 <./Lecture---Time-Series_files/figure-beamer/unnamed-chunk-7-1.pdf>] [13

] [14

]
LaTeX Font Info:    Try loading font information for OT1+lmtt on input line 449
.
("C:\Program Files\MiKTeX 2.9\tex\latex\lm\ot1lmtt.fd"
File: ot1lmtt.fd 2009/10/30 v1.6 Font defs for Latin Modern
)
Overfull \vbox (0.36299pt too high) detected at line 449
 []

[15

] <r_GDP_UR.jpeg, id=150, 605.26125pt x 398.99063pt>
File: r_GDP_UR.jpeg Graphic file (type jpg)
<use r_GDP_UR.jpeg>
Package pdftex.def Info: r_GDP_UR.jpeg used on input line 462.
(pdftex.def)             Requested size: 273.95354pt x 180.59128pt.

Overfull \vbox (4.78745pt too high) detected at line 462
 []

[16

 <./r_GDP_UR.jpeg>] [17

]
\openout4 = `Lecture---Time-Series.vrb'.

(Lecture---Time-Series.vrb
LaTeX Font Info:    Font shape `T1/lmtt/bx/n' in size <8> not available
(Font)              Font shape `T1/lmtt/b/n' tried instead on input line 10.
) [18

]
\openout4 = `Lecture---Time-Series.vrb'.

(Lecture---Time-Series.vrb)
Overfull \vbox (6.0105pt too high) detected at line 557
 []

[19

]
<Lecture---Time-Series_files/figure-beamer/unnamed-chunk-11-1.pdf, id=179, 325.
215pt x 252.945pt>
File: Lecture---Time-Series_files/figure-beamer/unnamed-chunk-11-1.pdf Graphic 
file (type pdf)
<use Lecture---Time-Series_files/figure-beamer/unnamed-chunk-11-1.pdf>
Package pdftex.def Info: Lecture---Time-Series_files/figure-beamer/unnamed-chun
k-11-1.pdf used on input line 567.
(pdftex.def)             Requested size: 325.21916pt x 252.94823pt.

Overfull \vbox (35.07083pt too high) detected at line 567
 []

[20

 <./Lecture---Time-Series_files/figure-beamer/unnamed-chunk-11-1.pdf>]
\openout4 = `Lecture---Time-Series.vrb'.

(Lecture---Time-Series.vrb
Overfull \hbox (25.48363pt too wide) in paragraph at lines 19--19
[]    \T1/lmtt/m/n/10.95 Breusch-Godfrey test for serial correlation of order u
p to 4[] 
 []

) [21

]
\openout4 = `Lecture---Time-Series.vrb'.

(Lecture---Time-Series.vrb) [22

]
\openout4 = `Lecture---Time-Series.vrb'.

(Lecture---Time-Series.vrb) [23

]
<Lecture---Time-Series_files/figure-beamer/unnamed-chunk-14-1.pdf, id=210, 325.
215pt x 252.945pt>
File: Lecture---Time-Series_files/figure-beamer/unnamed-chunk-14-1.pdf Graphic 
file (type pdf)
<use Lecture---Time-Series_files/figure-beamer/unnamed-chunk-14-1.pdf>
Package pdftex.def Info: Lecture---Time-Series_files/figure-beamer/unnamed-chun
k-14-1.pdf used on input line 651.
(pdftex.def)             Requested size: 325.21916pt x 252.94823pt.

Overfull \vbox (16.47083pt too high) detected at line 651
 []

[24

 <./Lecture---Time-Series_files/figure-beamer/unnamed-chunk-14-1.pdf>]
\openout4 = `Lecture---Time-Series.vrb'.

(Lecture---Time-Series.vrbpdfTeX warning (ext4): destination with the same iden
tifier (name{Simple_TSR}) has been already used, duplicate ignored
<to be read again> 
                   \relax 
l.4 ...ha + \beta ~ Org_t + u_t \label{Simple_TSR}
                                                  
LaTeX Font Info:    Font shape `T1/lmtt/bx/n' in size <6> not available
(Font)              Font shape `T1/lmtt/b/n' tried instead on input line 11.
) [25

]
LaTeX Font Info:    External font `lmex10' loaded for size
(Font)              <5> on input line 731.
[26

]
\openout4 = `Lecture---Time-Series.vrb'.

(Lecture---Time-Series.vrb
LaTeX Font Info:    Font shape `T1/lmtt/bx/n' in size <9> not available
(Font)              Font shape `T1/lmtt/b/n' tried instead on input line 8.
) [27

]
\openout4 = `Lecture---Time-Series.vrb'.

(Lecture---Time-Series.vrb)
Overfull \vbox (53.55588pt too high) detected at line 801
 []

[28

] [29

]
\openout4 = `Lecture---Time-Series.vrb'.

(Lecture---Time-Series.vrb) [30

]
\openout4 = `Lecture---Time-Series.vrb'.

(Lecture---Time-Series.vrb) [31

]
\openout4 = `Lecture---Time-Series.vrb'.

(Lecture---Time-Series.vrb
<Lecture---Time-Series_files/figure-beamer/unnamed-chunk-22-1.pdf, id=274, 325.
215pt x 180.675pt>
File: Lecture---Time-Series_files/figure-beamer/unnamed-chunk-22-1.pdf Graphic 
file (type pdf)
<use Lecture---Time-Series_files/figure-beamer/unnamed-chunk-22-1.pdf>
Package pdftex.def Info: Lecture---Time-Series_files/figure-beamer/unnamed-chun
k-22-1.pdf used on input line 15.
(pdftex.def)             Requested size: 325.2142pt x 180.67455pt.
)
Overfull \vbox (34.40544pt too high) detected at line 908
 []

[32

 <./Lecture---Time-Series_files/figure-beamer/unnamed-chunk-22-1.pdf>] [33

]
\openout4 = `Lecture---Time-Series.vrb'.

(Lecture---Time-Series.vrb) [34

]
\openout4 = `Lecture---Time-Series.vrb'.

(Lecture---Time-Series.vrb)
Overfull \vbox (23.2635pt too high) detected at line 999
 []

[35

] [36

]
\openout4 = `Lecture---Time-Series.vrb'.

(Lecture---Time-Series.vrb) [37

]
\openout4 = `Lecture---Time-Series.vrb'.

(Lecture---Time-Series.vrb)
Overfull \vbox (6.85593pt too high) detected at line 1081
 []

[38

] [39

]
\openout4 = `Lecture---Time-Series.vrb'.

(Lecture---Time-Series.vrb) [40

]
\openout4 = `Lecture---Time-Series.vrb'.

(Lecture---Time-Series.vrb)
Overfull \vbox (6.85593pt too high) detected at line 1163
 []

[41

] [42

]
\openout4 = `Lecture---Time-Series.vrb'.

(Lecture---Time-Series.vrb) [43

] [44

] [45

]
\tf@nav=\write7
\openout7 = `Lecture---Time-Series.nav'.

\tf@toc=\write8
\openout8 = `Lecture---Time-Series.toc'.

\tf@snm=\write9
\openout9 = `Lecture---Time-Series.snm'.

Package atveryend Info: Empty hook `BeforeClearDocument' on input line 1257.
Package atveryend Info: Empty hook `AfterLastShipout' on input line 1257.
(Lecture---Time-Series.aux)
Package atveryend Info: Executing hook `AtVeryEndDocument' on input line 1257.
Package atveryend Info: Executing hook `AtEndAfterFileList' on input line 1257.

Package rerunfilecheck Info: File `Lecture---Time-Series.out' has not changed.
(rerunfilecheck)             Checksum: D41D8CD98F00B204E9800998ECF8427E;0.

LaTeX Warning: There were multiply-defined labels.

 ) 
Here is how much of TeX's memory you used:
 33891 strings out of 493333
 808699 string characters out of 3139185
 1046112 words of memory out of 3000000
 36509 multiletter control sequences out of 15000+200000
 55508 words of font info for 79 fonts, out of 3000000 for 9000
 1141 hyphenation exceptions out of 8191
 64i,16n,98p,826b,609s stack positions out of 5000i,500n,10000p,200000b,50000s
{C:/Program Files/MiKTeX 2.9/fonts/enc/dvips/lm/lm-ec.enc}{C:/Program Files/M
iKTeX 2.9/fonts/enc/dvips/lm/lm-rm.enc}{C:/Program Files/MiKTeX 2.9/fonts/enc/d
vips/lm/lm-mathit.enc}{C:/Program Files/MiKTeX 2.9/fonts/enc/dvips/lm/lm-rmtt.e
nc}{C:/Program Files/MiKTeX 2.9/fonts/enc/dvips/lm/lm-mathsy.enc}<C:/Program Fi
les/MiKTeX 2.9/fonts/type1/public/lm/lmbx10.pfb><C:/Program Files/MiKTeX 2.9/fo
nts/type1/public/lm/lmmi10.pfb><C:/Program Files/MiKTeX 2.9/fonts/type1/public/
lm/lmmi6.pfb><C:/Program Files/MiKTeX 2.9/fonts/type1/public/lm/lmmi8.pfb><C:/P
rogram Files/MiKTeX 2.9/fonts/type1/public/lm/lmr10.pfb><C:/Program Files/MiKTe
X 2.9/fonts/type1/public/lm/lmr12.pfb><C:/Program Files/MiKTeX 2.9/fonts/type1/
public/lm/lmr5.pfb><C:/Program Files/MiKTeX 2.9/fonts/type1/public/lm/lmr6.pfb>
<C:/Program Files/MiKTeX 2.9/fonts/type1/public/lm/lmr8.pfb><C:/Program Files/M
iKTeX 2.9/fonts/type1/public/lm/lmr9.pfb><C:/Program Files/MiKTeX 2.9/fonts/typ
e1/public/lm/lmri10.pfb><C:/Program Files/MiKTeX 2.9/fonts/type1/public/lm/lmsy
10.pfb><C:/Program Files/MiKTeX 2.9/fonts/type1/public/lm/lmsy8.pfb><C:/Program
 Files/MiKTeX 2.9/fonts/type1/public/lm/lmtk10.pfb><C:/Program Files/MiKTeX 2.9
/fonts/type1/public/lm/lmtt10.pfb><C:/Program Files/MiKTeX 2.9/fonts/type1/publ
ic/lm/lmtt8.pfb><C:/Program Files/MiKTeX 2.9/fonts/type1/public/lm/lmtt9.pfb><C
:/Program Files/MiKTeX 2.9/fonts/type1/public/lm/lmtti10.pfb>
Output written on Lecture---Time-Series.pdf (45 pages, 688453 bytes).
PDF statistics:
 456 PDF objects out of 1000 (max. 8388607)
 95 named destinations out of 1000 (max. 500000)
 10333 words of extra memory for PDF output out of 12000 (max. 10000000)

